2025-12-16T03:48:31.808Z error: Redis health check failed
2025-12-16T03:49:01.811Z info: Redis health check: pong=PONG status=ready
2025-12-16T03:49:31.815Z info: Redis health check: pong=PONG status=ready
2025-12-16T03:50:01.817Z info: Redis health check: pong=PONG status=ready
2025-12-16T03:50:31.846Z info: Redis health check: pong=PONG status=ready
2025-12-16T03:51:01.847Z info: Redis health check: pong=PONG status=ready
2025-12-16T03:51:31.851Z info: Redis health check: pong=PONG status=ready
2025-12-16T03:52:01.858Z info: Redis health check: pong=PONG status=ready
2025-12-16T03:52:31.865Z info: Redis health check: pong=PONG status=ready
2025-12-16T06:53:01.839Z info: Redis health check: pong=PONG status=ready
2025-12-16T12:27:08.932Z info: Redis health check: pong=PONG status=ready
2025-12-16T12:27:40.466Z info: Redis health check: pong=PONG status=ready
2025-12-16T12:28:08.582Z info: Redis health check: pong=PONG status=ready
2025-12-16T12:28:38.688Z error: Redis health check failed
2025-12-16T12:29:19.638Z error: Redis health check failed
2025-12-16T12:29:49.638Z info: Redis health check: pong=PONG status=ready
2025-12-16T12:30:19.640Z info: Redis health check: pong=PONG status=ready
2025-12-16T12:30:49.644Z info: Redis health check: pong=PONG status=ready
2025-12-16T12:30:50.539Z info: POST /api/v1/auth/login 200
2025-12-16T12:31:14.328Z info: GET /api/v1/api-keys 401
2025-12-16T12:31:19.644Z info: Redis health check: pong=PONG status=ready
2025-12-16T12:31:24.069Z info: GET /api/v1/ping 200
2025-12-16T12:31:49.646Z info: Redis health check: pong=PONG status=ready
2025-12-16T12:31:56.252Z info: GET /api/v1/ping 200
2025-12-16T12:31:56.716Z info: GET /api/v1/ping 200
2025-12-16T12:31:56.899Z info: GET /api/v1/ping 200
2025-12-16T12:31:57.074Z info: GET /api/v1/ping 200
2025-12-16T12:31:57.270Z info: GET /api/v1/ping 200
2025-12-16T12:31:57.444Z info: GET /api/v1/ping 200
2025-12-16T12:31:57.614Z info: GET /api/v1/ping 200
2025-12-16T12:31:57.801Z info: GET /api/v1/ping 200
2025-12-16T12:31:57.969Z info: GET /api/v1/ping 200
2025-12-16T12:31:58.144Z info: GET /api/v1/ping 429
2025-12-16T12:31:58.360Z info: GET /api/v1/ping 429
2025-12-16T12:31:59.392Z info: GET /api/v1/ping 429
2025-12-16T12:32:17.886Z info: GET /api/v1/ping 200
2025-12-16T12:32:18.838Z info: GET /api/v1/ping 200
2025-12-16T12:32:19.656Z info: Redis health check: pong=PONG status=ready
2025-12-16T12:32:49.662Z info: Redis health check: pong=PONG status=ready
2025-12-16T12:33:19.666Z info: Redis health check: pong=PONG status=ready
2025-12-16T12:33:49.668Z info: Redis health check: pong=PONG status=ready
2025-12-16T12:34:19.676Z info: Redis health check: pong=PONG status=ready
2025-12-16T12:34:53.834Z info: Environment validation passed
2025-12-16T12:34:53.846Z info: Environment: production
2025-12-16T12:34:53.847Z error: Redis health check failed
2025-12-16T12:34:54.087Z info: Database connection successful
2025-12-16T12:34:54.088Z info: Redis ready for rate limiting
2025-12-16T12:34:54.092Z info: ✓ Server is running on http://localhost:5050
2025-12-16T12:34:54.092Z info: ✓ Node environment: production
2025-12-16T12:35:03.981Z info: Environment validation passed
2025-12-16T12:35:03.986Z info: Environment: production
2025-12-16T12:35:03.986Z error: Redis health check failed
2025-12-16T12:35:04.150Z info: Database connection successful
2025-12-16T12:35:04.151Z info: Redis ready for rate limiting
2025-12-16T12:35:04.154Z info: ✓ Server is running on http://localhost:5050
2025-12-16T12:35:04.155Z info: ✓ Node environment: production
2025-12-16T12:35:19.199Z warn: ⚠ SENTRY_DSN not configured - error tracking disabled
2025-12-16T12:35:19.210Z info: Environment validation passed
2025-12-16T12:35:19.210Z info: Environment: production
2025-12-16T12:35:19.211Z error: Redis health check failed
2025-12-16T12:35:19.372Z info: Database connection successful
2025-12-16T12:35:19.373Z info: Redis ready for rate limiting
2025-12-16T12:35:19.376Z info: ✓ Server is running on http://localhost:5050
2025-12-16T12:35:19.376Z info: ✓ Node environment: production
2025-12-16T12:35:49.215Z info: Redis health check: pong=PONG status=ready
2025-12-16T12:36:19.225Z info: Redis health check: pong=PONG status=ready
2025-12-16T12:36:49.225Z info: Redis health check: pong=PONG status=ready
2025-12-16T12:37:19.266Z info: Redis health check: pong=PONG status=ready
2025-12-16T12:37:49.261Z info: Redis health check: pong=PONG status=ready
2025-12-16T12:37:51.576Z info: Received SIGINT, gracefully shutting down...
2025-12-16T12:38:03.833Z info: ✓ Sentry initialized for error tracking
2025-12-16T12:39:25.441Z info: ✓ Sentry initialized for error tracking
2025-12-16T12:39:25.455Z error: Redis health check failed
2025-12-16T12:39:39.877Z info: ✓ Sentry initialized for error tracking
2025-12-16T12:39:39.882Z error: Redis health check failed
2025-12-16T12:40:27.267Z info: ✓ Sentry initialized for error tracking
2025-12-16T12:40:27.296Z info: Environment validation passed
2025-12-16T12:40:27.299Z info: Environment: production
2025-12-16T12:40:27.302Z error: Redis health check failed
2025-12-16T12:40:27.866Z info: Database connection successful
2025-12-16T12:40:27.868Z info: Redis ready for rate limiting
2025-12-16T12:40:27.876Z info: ✓ Server is running on http://localhost:5050
2025-12-16T12:40:27.878Z info: ✓ Node environment: production
2025-12-16T12:41:07.246Z info: ✓ Sentry initialized for error tracking
2025-12-16T12:41:07.259Z info: Environment validation passed
2025-12-16T12:41:07.260Z info: Environment: production
2025-12-16T12:41:07.261Z error: Redis health check failed
2025-12-16T12:41:07.457Z info: Database connection successful
2025-12-16T12:41:07.458Z info: Redis ready for rate limiting
2025-12-16T12:41:07.463Z info: ✓ Server is running on http://localhost:5050
2025-12-16T12:41:07.463Z info: ✓ Node environment: production
2025-12-16T12:41:22.486Z info: ✓ Sentry initialized for error tracking
2025-12-16T12:41:22.497Z info: Environment validation passed
2025-12-16T12:41:22.497Z info: Environment: production
2025-12-16T12:41:22.498Z error: Redis health check failed
2025-12-16T12:41:22.651Z info: Database connection successful
2025-12-16T12:41:37.259Z info: Redis health check: pong=PONG status=ready
2025-12-16T12:42:01.885Z info: ✓ Sentry initialized for error tracking
2025-12-16T12:42:01.897Z info: Environment validation passed
2025-12-16T12:42:01.898Z info: Environment: production
2025-12-16T12:42:01.899Z error: Redis health check failed:
2025-12-16T12:42:02.097Z info: Database connection successful
2025-12-16T12:42:02.098Z info: Redis ready for rate limiting
2025-12-16T12:42:02.100Z info: ✓ Server is running on http://localhost:5050
2025-12-16T12:42:02.101Z info: ✓ Node environment: production
2025-12-16T12:42:22.557Z info: ✓ Sentry initialized for error tracking
2025-12-16T12:42:22.569Z info: Environment validation passed
2025-12-16T12:42:22.569Z info: Environment: production
2025-12-16T12:42:22.570Z error: Redis health check failed:
2025-12-16T12:42:22.726Z info: Database connection successful
2025-12-16T12:42:31.914Z info: Redis health check: pong=PONG status=ready
2025-12-16T12:43:01.964Z info: Redis health check: pong=PONG status=ready
2025-12-16T12:43:20.469Z info: GET /api/v1/ping 200
2025-12-16T12:43:31.978Z info: Redis health check: pong=PONG status=ready
2025-12-16T12:44:01.978Z info: Redis health check: pong=PONG status=ready
2025-12-16T12:44:31.979Z info: Redis health check: pong=PONG status=ready
2025-12-16T12:45:01.984Z info: Redis health check: pong=PONG status=ready
2025-12-16T12:45:08.916Z warn: GET /api/v1/auth/register 401
2025-12-16T12:45:18.829Z info: POST /api/v1/auth/register 201
2025-12-16T12:45:27.928Z info: POST /api/v1/auth/login 200
2025-12-16T12:45:31.987Z info: Redis health check: pong=PONG status=ready
2025-12-16T12:46:01.986Z info: Redis health check: pong=PONG status=ready
2025-12-16T12:46:31.991Z info: Redis health check: pong=PONG status=ready
2025-12-16T12:47:02.005Z info: Redis health check: pong=PONG status=ready
2025-12-16T12:47:31.998Z info: Redis health check: pong=PONG status=ready
2025-12-16T12:48:01.998Z info: Redis health check: pong=PONG status=ready
2025-12-16T12:48:32.011Z info: Redis health check: pong=PONG status=ready
2025-12-16T12:49:02.022Z info: Redis health check: pong=PONG status=ready
2025-12-16T12:49:32.014Z info: Redis health check: pong=PONG status=ready
2025-12-16T12:50:02.023Z info: Redis health check: pong=PONG status=ready
2025-12-16T12:50:32.027Z info: Redis health check: pong=PONG status=ready
2025-12-16T12:51:02.038Z info: Redis health check: pong=PONG status=ready
2025-12-16T12:51:32.050Z info: Redis health check: pong=PONG status=ready
2025-12-16T12:52:02.058Z info: Redis health check: pong=PONG status=ready
2025-12-16T12:52:32.059Z info: Redis health check: pong=PONG status=ready
2025-12-16T12:53:02.069Z info: Redis health check: pong=PONG status=ready
2025-12-16T12:53:32.095Z info: Redis health check: pong=PONG status=ready
2025-12-16T12:54:02.092Z info: Redis health check: pong=PONG status=ready
2025-12-16T12:54:32.097Z info: Redis health check: pong=PONG status=ready
2025-12-16T12:55:02.104Z info: Redis health check: pong=PONG status=ready
2025-12-16T12:55:32.114Z info: Redis health check: pong=PONG status=ready
2025-12-16T12:56:02.130Z info: Redis health check: pong=PONG status=ready
2025-12-16T12:56:32.135Z info: Redis health check: pong=PONG status=ready
2025-12-16T12:57:02.137Z info: Redis health check: pong=PONG status=ready
2025-12-16T12:57:32.148Z info: Redis health check: pong=PONG status=ready
2025-12-16T12:58:02.225Z info: Redis health check: pong=PONG status=ready
2025-12-16T12:58:32.217Z info: Redis health check: pong=PONG status=ready
2025-12-16T12:59:02.225Z info: Redis health check: pong=PONG status=ready
2025-12-16T12:59:32.228Z info: Redis health check: pong=PONG status=ready
2025-12-16T13:00:02.245Z info: Redis health check: pong=PONG status=ready
2025-12-16T13:00:32.249Z info: Redis health check: pong=PONG status=ready
2025-12-16T13:01:02.262Z info: Redis health check: pong=PONG status=ready
2025-12-16T13:01:32.275Z info: Redis health check: pong=PONG status=ready
2025-12-16T13:02:02.285Z info: Redis health check: pong=PONG status=ready
2025-12-16T13:02:32.295Z info: Redis health check: pong=PONG status=ready
2025-12-16T13:03:02.300Z info: Redis health check: pong=PONG status=ready
2025-12-16T13:03:32.324Z info: Redis health check: pong=PONG status=ready
2025-12-16T13:04:02.320Z info: Redis health check: pong=PONG status=ready
2025-12-16T13:04:32.332Z info: Redis health check: pong=PONG status=ready
2025-12-16T13:05:02.339Z info: Redis health check: pong=PONG status=ready
2025-12-16T13:05:32.347Z info: Redis health check: pong=PONG status=ready
2025-12-16T13:06:02.345Z info: Redis health check: pong=PONG status=ready
2025-12-16T13:06:32.352Z info: Redis health check: pong=PONG status=ready
2025-12-16T13:07:02.352Z info: Redis health check: pong=PONG status=ready
2025-12-16T13:07:32.362Z info: Redis health check: pong=PONG status=ready
2025-12-16T13:08:02.382Z info: Redis health check: pong=PONG status=ready
2025-12-16T13:08:32.387Z info: Redis health check: pong=PONG status=ready
2025-12-16T13:09:02.387Z info: Redis health check: pong=PONG status=ready
2025-12-16T13:09:32.394Z info: Redis health check: pong=PONG status=ready
2025-12-16T13:10:02.404Z info: Redis health check: pong=PONG status=ready
2025-12-16T13:10:32.409Z info: Redis health check: pong=PONG status=ready
2025-12-16T13:11:02.414Z info: Redis health check: pong=PONG status=ready
2025-12-16T13:11:32.439Z info: Redis health check: pong=PONG status=ready
2025-12-16T13:12:02.432Z info: Redis health check: pong=PONG status=ready
2025-12-16T13:12:32.452Z info: Redis health check: pong=PONG status=ready
2025-12-16T13:13:02.447Z info: Redis health check: pong=PONG status=ready
2025-12-16T13:13:32.457Z info: Redis health check: pong=PONG status=ready
2025-12-16T13:14:02.463Z info: Redis health check: pong=PONG status=ready
2025-12-16T13:14:32.490Z info: Redis health check: pong=PONG status=ready
2025-12-16T13:15:02.489Z info: Redis health check: pong=PONG status=ready
2025-12-16T13:15:32.490Z info: Redis health check: pong=PONG status=ready
2025-12-16T13:16:02.494Z info: Redis health check: pong=PONG status=ready
2025-12-16T13:16:32.498Z info: Redis health check: pong=PONG status=ready
2025-12-16T13:17:02.513Z info: Redis health check: pong=PONG status=ready
2025-12-16T13:17:32.512Z info: Redis health check: pong=PONG status=ready
2025-12-16T13:18:02.531Z info: Redis health check: pong=PONG status=ready
2025-12-16T13:18:32.538Z info: Redis health check: pong=PONG status=ready
2025-12-16T13:19:02.571Z info: Redis health check: pong=PONG status=ready
2025-12-16T13:19:32.558Z info: Redis health check: pong=PONG status=ready
2025-12-16T13:19:44.963Z info: ✓ Sentry initialized for error tracking
2025-12-16T13:19:44.983Z info: Environment validation passed
2025-12-16T13:19:44.984Z info: Environment: production
2025-12-16T13:19:44.985Z error: Redis health check failed:
2025-12-16T13:19:45.332Z info: Database connection successful
2025-12-16T13:19:45.333Z info: Redis ready for rate limiting
2025-12-16T13:19:45.337Z info: ✓ Server is running on http://localhost:5050
2025-12-16T13:19:45.337Z info: ✓ Node environment: production
2025-12-16T13:20:14.989Z info: Redis health check: pong=PONG status=ready
2025-12-16T13:20:45.034Z info: Redis health check: pong=PONG status=ready
2025-12-16T13:21:15.046Z info: Redis health check: pong=PONG status=ready
2025-12-16T13:21:45.052Z info: Redis health check: pong=PONG status=ready
2025-12-16T13:22:15.060Z info: Redis health check: pong=PONG status=ready
2025-12-16T13:22:45.068Z info: Redis health check: pong=PONG status=ready
2025-12-16T13:23:15.089Z info: Redis health check: pong=PONG status=ready
2025-12-16T13:23:45.097Z info: Redis health check: pong=PONG status=ready
2025-12-16T13:23:57.964Z info: ✓ Sentry initialized for error tracking
2025-12-16T13:23:57.982Z info: Environment validation passed
2025-12-16T13:23:57.982Z info: Environment: production
2025-12-16T13:23:57.983Z error: Redis health check failed:
2025-12-16T13:23:58.301Z info: Database connection successful
2025-12-16T13:23:58.302Z info: Redis ready for rate limiting
2025-12-16T13:23:58.307Z info: ✓ Server is running on http://localhost:5050
2025-12-16T13:23:58.307Z info: ✓ Node environment: production
2025-12-16T13:24:27.983Z info: Redis health check: pong=PONG status=ready
2025-12-16T13:24:58.039Z info: Redis health check: pong=PONG status=ready
2025-12-16T13:25:12.750Z info: ✓ Sentry initialized for error tracking
2025-12-16T13:25:12.762Z info: Environment validation passed
2025-12-16T13:25:12.763Z info: Environment: production
2025-12-16T13:25:12.763Z error: Redis health check failed:
2025-12-16T13:25:12.938Z info: Database connection successful
2025-12-16T13:25:12.938Z info: Redis ready for rate limiting
2025-12-16T13:25:12.942Z info: ✓ Server is running on http://localhost:5050
2025-12-16T13:25:12.943Z info: ✓ Node environment: production
2025-12-16T13:25:42.765Z info: Redis health check: pong=PONG status=ready
2025-12-16T13:26:12.817Z info: Redis health check: pong=PONG status=ready
2025-12-16T13:26:42.822Z info: Redis health check: pong=PONG status=ready
2025-12-16T13:27:12.833Z info: Redis health check: pong=PONG status=ready
2025-12-16T13:27:33.643Z info: ✓ Sentry initialized for error tracking
2025-12-16T13:27:33.661Z info: Environment validation passed
2025-12-16T13:27:33.661Z info: Environment: production
2025-12-16T13:27:33.662Z error: Redis health check failed:
2025-12-16T13:27:33.909Z info: Database connection successful
2025-12-16T13:27:33.910Z info: Redis ready for rate limiting
2025-12-16T13:27:33.914Z info: ✓ Server is running on http://localhost:5050
2025-12-16T13:27:33.914Z info: ✓ Node environment: production
2025-12-16T13:28:03.657Z info: Redis health check: pong=PONG status=ready
2025-12-16T13:28:33.714Z info: Redis health check: pong=PONG status=ready
2025-12-16T13:29:03.720Z info: Redis health check: pong=PONG status=ready
2025-12-16T13:29:33.734Z info: Redis health check: pong=PONG status=ready
2025-12-16T13:29:56.570Z info: ✓ Sentry initialized for error tracking
2025-12-16T13:29:56.588Z info: Environment validation passed
2025-12-16T13:29:56.589Z info: Environment: production
2025-12-16T13:29:56.590Z error: Redis health check failed:
2025-12-16T13:29:56.838Z info: Database connection successful
2025-12-16T13:29:56.839Z info: Redis ready for rate limiting
2025-12-16T13:29:56.844Z info: ✓ Server is running on http://localhost:5050
2025-12-16T13:29:56.845Z info: ✓ Node environment: production
2025-12-16T13:30:26.593Z info: Redis health check: pong=PONG status=ready
2025-12-16T13:30:49.971Z info: ✓ Sentry initialized for error tracking
2025-12-16T13:30:49.990Z info: Environment validation passed
2025-12-16T13:30:49.990Z info: Environment: production
2025-12-16T13:30:49.992Z error: Redis health check failed:
2025-12-16T13:30:50.176Z info: Database connection successful
2025-12-16T13:30:50.176Z info: Redis ready for rate limiting
2025-12-16T13:30:50.180Z info: ✓ Server is running on http://localhost:5050
2025-12-16T13:30:50.181Z info: ✓ Node environment: production
2025-12-16T13:31:19.992Z info: Redis health check: pong=PONG status=ready
2025-12-16T13:31:50.045Z info: Redis health check: pong=PONG status=ready
2025-12-16T13:32:20.047Z info: Redis health check: pong=PONG status=ready
2025-12-16T13:32:50.049Z info: Redis health check: pong=PONG status=ready
2025-12-16T13:33:27.159Z info: ✓ Sentry initialized for error tracking
2025-12-16T13:33:27.180Z info: Environment validation passed
2025-12-16T13:33:27.181Z info: Environment: production
2025-12-16T13:33:27.183Z error: Redis health check failed:
2025-12-16T13:33:27.545Z info: Database connection successful
2025-12-16T13:33:27.546Z info: Redis ready for rate limiting
2025-12-16T13:33:27.551Z info: ✓ Server is running on http://localhost:5050
2025-12-16T13:33:27.551Z info: ✓ Node environment: production
2025-12-16T13:33:57.178Z info: Redis health check: pong=PONG status=ready
2025-12-16T13:34:27.233Z info: Redis health check: pong=PONG status=ready
2025-12-16T13:34:57.246Z info: Redis health check: pong=PONG status=ready
2025-12-16T13:35:27.255Z info: Redis health check: pong=PONG status=ready
2025-12-16T13:35:57.263Z info: Redis health check: pong=PONG status=ready
2025-12-16T13:36:27.271Z info: Redis health check: pong=PONG status=ready
2025-12-16T13:36:57.281Z info: Redis health check: pong=PONG status=ready
2025-12-16T13:37:27.289Z info: Redis health check: pong=PONG status=ready
2025-12-16T13:37:57.298Z info: Redis health check: pong=PONG status=ready
2025-12-16T13:38:27.296Z info: Redis health check: pong=PONG status=ready
2025-12-16T13:38:57.309Z info: Redis health check: pong=PONG status=ready
2025-12-16T13:39:27.325Z info: Redis health check: pong=PONG status=ready
2025-12-16T13:39:57.325Z info: Redis health check: pong=PONG status=ready
2025-12-16T13:40:27.333Z info: Redis health check: pong=PONG status=ready
2025-12-16T13:40:57.335Z info: Redis health check: pong=PONG status=ready
2025-12-16T13:41:27.342Z info: Redis health check: pong=PONG status=ready
2025-12-16T13:41:57.355Z info: Redis health check: pong=PONG status=ready
2025-12-16T13:42:27.365Z info: Redis health check: pong=PONG status=ready
2025-12-16T13:42:57.371Z info: Redis health check: pong=PONG status=ready
2025-12-16T13:43:27.383Z info: Redis health check: pong=PONG status=ready
2025-12-16T13:43:57.389Z info: Redis health check: pong=PONG status=ready
2025-12-16T13:44:27.394Z info: Redis health check: pong=PONG status=ready
2025-12-16T13:44:57.405Z info: Redis health check: pong=PONG status=ready
2025-12-16T13:45:27.418Z info: Redis health check: pong=PONG status=ready
2025-12-16T13:45:57.427Z info: Redis health check: pong=PONG status=ready
2025-12-16T13:46:27.436Z info: Redis health check: pong=PONG status=ready
2025-12-16T13:46:57.446Z info: Redis health check: pong=PONG status=ready
2025-12-16T13:47:27.450Z info: Redis health check: pong=PONG status=ready
2025-12-16T13:47:57.464Z info: Redis health check: pong=PONG status=ready
2025-12-16T13:48:27.465Z info: Redis health check: pong=PONG status=ready
2025-12-16T13:48:57.477Z info: Redis health check: pong=PONG status=ready
2025-12-16T13:49:27.489Z info: Redis health check: pong=PONG status=ready
2025-12-16T13:49:57.503Z info: Redis health check: pong=PONG status=ready
2025-12-16T13:50:27.517Z info: Redis health check: pong=PONG status=ready
2025-12-16T13:50:57.527Z info: Redis health check: pong=PONG status=ready
2025-12-16T13:51:27.540Z info: Redis health check: pong=PONG status=ready
2025-12-16T13:51:57.554Z info: Redis health check: pong=PONG status=ready
2025-12-16T13:52:27.568Z info: Redis health check: pong=PONG status=ready
2025-12-16T13:52:57.573Z info: Redis health check: pong=PONG status=ready
2025-12-16T13:53:27.579Z info: Redis health check: pong=PONG status=ready
2025-12-16T13:53:57.592Z info: Redis health check: pong=PONG status=ready
2025-12-16T13:54:27.604Z info: Redis health check: pong=PONG status=ready
2025-12-16T13:54:57.620Z info: Redis health check: pong=PONG status=ready
2025-12-16T13:55:27.709Z info: Redis health check: pong=PONG status=ready
2025-12-16T13:55:57.655Z info: Redis health check: pong=PONG status=ready
2025-12-16T13:56:27.703Z info: Redis health check: pong=PONG status=ready
2025-12-16T13:56:57.665Z info: Redis health check: pong=PONG status=ready
2025-12-16T13:57:27.712Z info: Redis health check: pong=PONG status=ready
2025-12-16T13:57:57.721Z info: Redis health check: pong=PONG status=ready
2025-12-16T13:58:27.715Z info: Redis health check: pong=PONG status=ready
2025-12-16T13:58:57.708Z info: Redis health check: pong=PONG status=ready
2025-12-16T13:59:27.711Z info: Redis health check: pong=PONG status=ready
2025-12-16T13:59:57.721Z info: Redis health check: pong=PONG status=ready
2025-12-16T14:00:27.736Z info: Redis health check: pong=PONG status=ready
2025-12-16T14:00:57.745Z info: Redis health check: pong=PONG status=ready
2025-12-16T14:01:27.748Z info: Redis health check: pong=PONG status=ready
2025-12-16T14:01:57.760Z info: Redis health check: pong=PONG status=ready
2025-12-16T14:02:27.768Z info: Redis health check: pong=PONG status=ready
2025-12-16T14:02:57.774Z info: Redis health check: pong=PONG status=ready
2025-12-16T14:03:27.788Z info: Redis health check: pong=PONG status=ready
2025-12-16T14:03:30.734Z info: POST /api/v1/auth/login 200
2025-12-16T14:03:51.471Z info: POST /api/v1/api-keys 201
2025-12-16T14:03:57.792Z info: Redis health check: pong=PONG status=ready
2025-12-16T14:04:06.232Z info: GET /api/v1/api-keys 200
2025-12-16T14:04:27.795Z info: Redis health check: pong=PONG status=ready
2025-12-16T14:04:29.713Z info: POST /api/v1/ping 200
2025-12-16T14:04:36.347Z info: GET /api/v1/ping 200
2025-12-16T14:04:39.823Z info: GET /api/v1/ping 200
2025-12-16T14:04:40.008Z info: GET /api/v1/ping 200
2025-12-16T14:04:40.183Z info: GET /api/v1/ping 200
2025-12-16T14:04:40.340Z info: GET /api/v1/ping 200
2025-12-16T14:04:40.530Z info: GET /api/v1/ping 200
2025-12-16T14:04:40.701Z info: GET /api/v1/ping 200
2025-12-16T14:04:40.879Z info: GET /api/v1/ping 200
2025-12-16T14:04:41.037Z info: GET /api/v1/ping 200
2025-12-16T14:04:41.215Z warn: GET /api/v1/ping 429
2025-12-16T14:04:41.405Z warn: GET /api/v1/ping 429
2025-12-16T14:04:41.585Z warn: GET /api/v1/ping 429
2025-12-16T14:04:57.799Z info: Redis health check: pong=PONG status=ready
2025-12-16T14:05:27.806Z info: Redis health check: pong=PONG status=ready
2025-12-16T14:05:57.816Z info: Redis health check: pong=PONG status=ready
2025-12-16T14:06:27.821Z info: Redis health check: pong=PONG status=ready
2025-12-16T14:06:57.833Z info: Redis health check: pong=PONG status=ready
2025-12-16T14:07:27.844Z info: Redis health check: pong=PONG status=ready
2025-12-16T14:07:57.850Z info: Redis health check: pong=PONG status=ready
2025-12-16T14:08:27.867Z info: Redis health check: pong=PONG status=ready
2025-12-16T14:08:57.857Z info: Redis health check: pong=PONG status=ready
2025-12-16T14:09:27.857Z info: Redis health check: pong=PONG status=ready
2025-12-16T14:09:57.868Z info: Redis health check: pong=PONG status=ready
2025-12-16T14:10:27.877Z info: Redis health check: pong=PONG status=ready
2025-12-16T14:10:57.879Z info: Redis health check: pong=PONG status=ready
2025-12-16T14:11:27.884Z info: Redis health check: pong=PONG status=ready
2025-12-16T14:11:57.892Z info: Redis health check: pong=PONG status=ready
2025-12-16T14:12:27.904Z info: Redis health check: pong=PONG status=ready
2025-12-16T14:12:57.924Z info: Redis health check: pong=PONG status=ready
2025-12-16T14:13:27.914Z info: Redis health check: pong=PONG status=ready
2025-12-16T14:13:57.905Z info: Redis health check: pong=PONG status=ready
2025-12-16T14:14:27.930Z info: Redis health check: pong=PONG status=ready
2025-12-16T14:14:57.936Z info: Redis health check: pong=PONG status=ready
2025-12-16T14:15:27.945Z info: Redis health check: pong=PONG status=ready
2025-12-16T14:15:57.951Z info: Redis health check: pong=PONG status=ready
2025-12-16T14:16:27.958Z info: Redis health check: pong=PONG status=ready
2025-12-16T14:16:57.970Z info: Redis health check: pong=PONG status=ready
2025-12-16T14:17:27.967Z info: Redis health check: pong=PONG status=ready
2025-12-16T14:17:57.980Z info: Redis health check: pong=PONG status=ready
2025-12-16T14:18:27.977Z info: Redis health check: pong=PONG status=ready
2025-12-16T14:18:57.987Z info: Redis health check: pong=PONG status=ready
2025-12-16T14:19:28.002Z info: Redis health check: pong=PONG status=ready
2025-12-16T14:19:58.006Z info: Redis health check: pong=PONG status=ready
2025-12-16T14:20:28.010Z info: Redis health check: pong=PONG status=ready
2025-12-16T14:20:58.022Z info: Redis health check: pong=PONG status=ready
2025-12-16T14:21:28.042Z info: Redis health check: pong=PONG status=ready
2025-12-16T14:21:58.039Z info: Redis health check: pong=PONG status=ready
2025-12-16T14:22:28.041Z info: Redis health check: pong=PONG status=ready
2025-12-16T14:22:58.052Z info: Redis health check: pong=PONG status=ready
2025-12-16T14:23:28.060Z info: Redis health check: pong=PONG status=ready
2025-12-16T14:23:58.067Z info: Redis health check: pong=PONG status=ready
2025-12-16T14:24:28.091Z info: Redis health check: pong=PONG status=ready
2025-12-16T14:24:58.071Z info: Redis health check: pong=PONG status=ready
2025-12-16T14:25:28.108Z info: Redis health check: pong=PONG status=ready
2025-12-16T14:25:58.095Z info: Redis health check: pong=PONG status=ready
2025-12-16T14:26:28.112Z info: Redis health check: pong=PONG status=ready
2025-12-16T14:26:58.125Z info: Redis health check: pong=PONG status=ready
2025-12-16T14:27:28.200Z info: Redis health check: pong=PONG status=ready
2025-12-16T14:27:58.143Z info: Redis health check: pong=PONG status=ready
2025-12-16T14:28:28.163Z info: Redis health check: pong=PONG status=ready
2025-12-16T14:28:58.167Z info: Redis health check: pong=PONG status=ready
2025-12-16T14:29:28.170Z info: Redis health check: pong=PONG status=ready
2025-12-16T14:29:58.178Z info: Redis health check: pong=PONG status=ready
2025-12-16T14:30:28.189Z info: Redis health check: pong=PONG status=ready
2025-12-16T14:30:58.203Z info: Redis health check: pong=PONG status=ready
2025-12-16T14:31:28.205Z info: Redis health check: pong=PONG status=ready
2025-12-16T14:31:58.218Z info: Redis health check: pong=PONG status=ready
2025-12-16T14:32:28.232Z info: Redis health check: pong=PONG status=ready
2025-12-16T14:32:58.243Z info: Redis health check: pong=PONG status=ready
2025-12-16T14:33:28.250Z info: Redis health check: pong=PONG status=ready
2025-12-16T14:33:58.259Z info: Redis health check: pong=PONG status=ready
2025-12-16T14:34:28.264Z info: Redis health check: pong=PONG status=ready
2025-12-16T14:34:58.272Z info: Redis health check: pong=PONG status=ready
2025-12-16T14:35:28.280Z info: Redis health check: pong=PONG status=ready
2025-12-16T14:35:58.280Z info: Redis health check: pong=PONG status=ready
2025-12-16T14:36:28.295Z info: Redis health check: pong=PONG status=ready
2025-12-16T14:36:58.304Z info: Redis health check: pong=PONG status=ready
2025-12-16T14:37:28.317Z info: Redis health check: pong=PONG status=ready
2025-12-16T14:37:58.328Z info: Redis health check: pong=PONG status=ready
2025-12-16T14:38:28.327Z info: Redis health check: pong=PONG status=ready
2025-12-16T14:38:58.339Z info: Redis health check: pong=PONG status=ready
2025-12-16T14:39:28.350Z info: Redis health check: pong=PONG status=ready
2025-12-16T14:39:58.351Z info: Redis health check: pong=PONG status=ready
2025-12-16T14:40:28.359Z info: Redis health check: pong=PONG status=ready
2025-12-16T14:40:58.365Z info: Redis health check: pong=PONG status=ready
2025-12-16T14:41:28.365Z info: Redis health check: pong=PONG status=ready
2025-12-16T14:41:58.380Z info: Redis health check: pong=PONG status=ready
2025-12-16T14:42:28.391Z info: Redis health check: pong=PONG status=ready
2025-12-16T14:42:58.398Z info: Redis health check: pong=PONG status=ready
2025-12-16T14:43:28.409Z info: Redis health check: pong=PONG status=ready
2025-12-16T14:43:58.414Z info: Redis health check: pong=PONG status=ready
2025-12-16T14:44:28.432Z info: Redis health check: pong=PONG status=ready
2025-12-16T14:44:58.423Z info: Redis health check: pong=PONG status=ready
2025-12-16T14:45:28.431Z info: Redis health check: pong=PONG status=ready
2025-12-16T14:45:58.445Z info: Redis health check: pong=PONG status=ready
2025-12-16T14:46:28.450Z info: Redis health check: pong=PONG status=ready
2025-12-16T14:46:58.450Z info: Redis health check: pong=PONG status=ready
2025-12-16T14:47:28.451Z info: Redis health check: pong=PONG status=ready
2025-12-16T14:47:58.457Z info: Redis health check: pong=PONG status=ready
2025-12-16T14:48:28.490Z info: Redis health check: pong=PONG status=ready
2025-12-16T14:48:58.474Z info: Redis health check: pong=PONG status=ready
2025-12-16T14:49:28.477Z info: Redis health check: pong=PONG status=ready
2025-12-16T14:49:58.493Z info: Redis health check: pong=PONG status=ready
2025-12-16T14:50:28.504Z info: Redis health check: pong=PONG status=ready
2025-12-16T14:50:58.517Z info: Redis health check: pong=PONG status=ready
2025-12-16T14:51:28.531Z info: Redis health check: pong=PONG status=ready
2025-12-16T14:51:58.538Z info: Redis health check: pong=PONG status=ready
2025-12-16T14:52:28.536Z info: Redis health check: pong=PONG status=ready
2025-12-16T14:52:58.547Z info: Redis health check: pong=PONG status=ready
2025-12-16T14:53:28.552Z info: Redis health check: pong=PONG status=ready
2025-12-16T14:53:58.606Z info: Redis health check: pong=PONG status=ready
2025-12-16T14:54:28.584Z info: Redis health check: pong=PONG status=ready
2025-12-16T14:54:58.663Z info: Redis health check: pong=PONG status=ready
2025-12-16T14:55:28.595Z info: Redis health check: pong=PONG status=ready
2025-12-16T14:55:58.599Z info: Redis health check: pong=PONG status=ready
2025-12-16T14:56:28.602Z info: Redis health check: pong=PONG status=ready
2025-12-16T14:56:58.603Z info: Redis health check: pong=PONG status=ready
2025-12-16T14:57:28.616Z info: Redis health check: pong=PONG status=ready
2025-12-16T14:57:58.625Z info: Redis health check: pong=PONG status=ready
2025-12-16T14:58:28.635Z info: Redis health check: pong=PONG status=ready
2025-12-16T14:58:58.648Z info: Redis health check: pong=PONG status=ready
2025-12-16T14:59:28.648Z info: Redis health check: pong=PONG status=ready
2025-12-16T14:59:58.662Z info: Redis health check: pong=PONG status=ready
2025-12-16T15:00:28.670Z info: Redis health check: pong=PONG status=ready
2025-12-16T15:00:58.679Z info: Redis health check: pong=PONG status=ready
2025-12-16T15:01:28.683Z info: Redis health check: pong=PONG status=ready
2025-12-16T15:01:58.685Z info: Redis health check: pong=PONG status=ready
2025-12-16T15:02:28.692Z info: Redis health check: pong=PONG status=ready
2025-12-16T15:02:58.699Z info: Redis health check: pong=PONG status=ready
2025-12-16T15:03:28.707Z info: Redis health check: pong=PONG status=ready
2025-12-16T15:03:58.718Z info: Redis health check: pong=PONG status=ready
2025-12-16T15:04:28.730Z info: Redis health check: pong=PONG status=ready
2025-12-16T15:04:58.739Z info: Redis health check: pong=PONG status=ready
2025-12-16T15:05:28.743Z info: Redis health check: pong=PONG status=ready
2025-12-16T15:05:58.755Z info: Redis health check: pong=PONG status=ready
2025-12-16T15:06:28.756Z info: Redis health check: pong=PONG status=ready
2025-12-16T15:06:58.771Z info: Redis health check: pong=PONG status=ready
2025-12-16T15:07:28.778Z info: Redis health check: pong=PONG status=ready
2025-12-16T15:07:58.783Z info: Redis health check: pong=PONG status=ready
2025-12-16T15:08:28.797Z info: Redis health check: pong=PONG status=ready
2025-12-16T15:08:58.809Z info: Redis health check: pong=PONG status=ready
2025-12-16T15:09:28.821Z info: Redis health check: pong=PONG status=ready
2025-12-16T15:09:58.832Z info: Redis health check: pong=PONG status=ready
2025-12-16T15:10:28.847Z info: Redis health check: pong=PONG status=ready
2025-12-16T15:10:58.859Z info: Redis health check: pong=PONG status=ready
2025-12-16T15:11:28.867Z info: Redis health check: pong=PONG status=ready
2025-12-16T15:11:58.875Z info: Redis health check: pong=PONG status=ready
2025-12-16T15:12:28.886Z info: Redis health check: pong=PONG status=ready
2025-12-16T15:12:58.895Z info: Redis health check: pong=PONG status=ready
2025-12-16T15:13:28.894Z info: Redis health check: pong=PONG status=ready
2025-12-16T15:13:58.896Z info: Redis health check: pong=PONG status=ready
2025-12-16T15:14:29.052Z info: Redis health check: pong=PONG status=ready
2025-12-16T15:14:58.920Z info: Redis health check: pong=PONG status=ready
2025-12-16T15:15:28.932Z info: Redis health check: pong=PONG status=ready
2025-12-16T15:15:58.943Z info: Redis health check: pong=PONG status=ready
2025-12-16T15:16:28.941Z info: Redis health check: pong=PONG status=ready
2025-12-16T15:16:58.946Z info: Redis health check: pong=PONG status=ready
2025-12-16T15:17:28.947Z info: Redis health check: pong=PONG status=ready
2025-12-16T15:17:58.955Z info: Redis health check: pong=PONG status=ready
2025-12-16T15:18:28.970Z info: Redis health check: pong=PONG status=ready
2025-12-16T15:18:58.985Z info: Redis health check: pong=PONG status=ready
2025-12-16T15:19:28.990Z info: Redis health check: pong=PONG status=ready
2025-12-16T15:19:59.006Z info: Redis health check: pong=PONG status=ready
2025-12-16T15:20:29.009Z info: Redis health check: pong=PONG status=ready
2025-12-16T15:20:59.020Z info: Redis health check: pong=PONG status=ready
2025-12-16T15:21:29.024Z info: Redis health check: pong=PONG status=ready
2025-12-16T15:21:59.038Z info: Redis health check: pong=PONG status=ready
2025-12-16T15:22:29.046Z info: Redis health check: pong=PONG status=ready
2025-12-16T15:22:59.057Z info: Redis health check: pong=PONG status=ready
2025-12-16T15:23:29.072Z info: Redis health check: pong=PONG status=ready
2025-12-16T15:23:59.075Z info: Redis health check: pong=PONG status=ready
2025-12-16T15:24:29.079Z info: Redis health check: pong=PONG status=ready
2025-12-16T15:24:59.083Z info: Redis health check: pong=PONG status=ready
2025-12-16T15:25:29.085Z info: Redis health check: pong=PONG status=ready
2025-12-16T15:25:59.093Z info: Redis health check: pong=PONG status=ready
2025-12-16T15:26:29.100Z info: Redis health check: pong=PONG status=ready
2025-12-16T15:26:59.106Z info: Redis health check: pong=PONG status=ready
2025-12-16T15:27:29.109Z info: Redis health check: pong=PONG status=ready
2025-12-16T15:27:59.112Z info: Redis health check: pong=PONG status=ready
2025-12-16T15:28:29.113Z info: Redis health check: pong=PONG status=ready
2025-12-16T15:28:59.123Z info: Redis health check: pong=PONG status=ready
2025-12-16T15:29:29.131Z info: Redis health check: pong=PONG status=ready
2025-12-16T15:29:59.137Z info: Redis health check: pong=PONG status=ready
2025-12-16T15:30:29.144Z info: Redis health check: pong=PONG status=ready
2025-12-16T15:30:59.159Z info: Redis health check: pong=PONG status=ready
2025-12-16T15:31:29.169Z info: Redis health check: pong=PONG status=ready
2025-12-16T15:31:59.179Z info: Redis health check: pong=PONG status=ready
2025-12-16T15:32:29.186Z info: Redis health check: pong=PONG status=ready
2025-12-16T15:32:59.194Z info: Redis health check: pong=PONG status=ready
2025-12-16T15:33:29.199Z info: Redis health check: pong=PONG status=ready
2025-12-16T15:33:59.210Z info: Redis health check: pong=PONG status=ready
2025-12-16T15:34:29.219Z info: Redis health check: pong=PONG status=ready
2025-12-16T15:34:59.231Z info: Redis health check: pong=PONG status=ready
2025-12-16T15:35:29.236Z info: Redis health check: pong=PONG status=ready
2025-12-16T15:35:59.251Z info: Redis health check: pong=PONG status=ready
2025-12-16T15:36:29.264Z info: Redis health check: pong=PONG status=ready
2025-12-16T15:36:59.282Z info: Redis health check: pong=PONG status=ready
2025-12-16T15:37:29.314Z info: Redis health check: pong=PONG status=ready
2025-12-16T15:37:59.292Z info: Redis health check: pong=PONG status=ready
2025-12-16T15:38:29.306Z info: Redis health check: pong=PONG status=ready
2025-12-16T15:38:59.317Z info: Redis health check: pong=PONG status=ready
2025-12-16T15:39:29.319Z info: Redis health check: pong=PONG status=ready
2025-12-16T15:39:59.325Z info: Redis health check: pong=PONG status=ready
2025-12-16T15:40:29.334Z info: Redis health check: pong=PONG status=ready
2025-12-16T15:40:59.337Z info: Redis health check: pong=PONG status=ready
2025-12-16T15:41:29.343Z info: Redis health check: pong=PONG status=ready
2025-12-16T15:41:59.348Z info: Redis health check: pong=PONG status=ready
2025-12-16T15:42:29.454Z info: Redis health check: pong=PONG status=ready
2025-12-16T15:42:59.372Z info: Redis health check: pong=PONG status=ready
2025-12-16T15:43:29.385Z info: Redis health check: pong=PONG status=ready
2025-12-16T15:43:59.393Z info: Redis health check: pong=PONG status=ready
2025-12-16T15:44:29.405Z info: Redis health check: pong=PONG status=ready
2025-12-16T15:44:59.415Z info: Redis health check: pong=PONG status=ready
2025-12-16T15:45:29.428Z info: Redis health check: pong=PONG status=ready
2025-12-16T15:45:59.431Z info: Redis health check: pong=PONG status=ready
2025-12-16T15:46:29.437Z info: Redis health check: pong=PONG status=ready
2025-12-16T15:46:59.438Z info: Redis health check: pong=PONG status=ready
2025-12-16T15:47:29.451Z info: Redis health check: pong=PONG status=ready
2025-12-16T15:47:59.454Z info: Redis health check: pong=PONG status=ready
2025-12-16T15:48:29.469Z info: Redis health check: pong=PONG status=ready
2025-12-16T15:48:59.471Z info: Redis health check: pong=PONG status=ready
2025-12-16T15:49:29.472Z info: Redis health check: pong=PONG status=ready
2025-12-16T15:49:59.475Z info: Redis health check: pong=PONG status=ready
2025-12-16T15:50:29.483Z info: Redis health check: pong=PONG status=ready
2025-12-16T15:50:59.493Z info: Redis health check: pong=PONG status=ready
2025-12-16T15:51:29.504Z info: Redis health check: pong=PONG status=ready
2025-12-16T15:51:59.515Z info: Redis health check: pong=PONG status=ready
2025-12-17T03:26:33.427Z info: Redis health check: pong=PONG status=ready
2025-12-17T03:26:33.507Z info: Redis health check: pong=PONG status=ready
2025-12-17T03:27:03.006Z info: Redis health check: pong=PONG status=ready
2025-12-17T03:27:32.973Z info: Redis health check: pong=PONG status=ready
2025-12-17T03:28:02.986Z info: Redis health check: pong=PONG status=ready
2025-12-17T03:28:32.993Z info: Redis health check: pong=PONG status=ready
2025-12-17T03:29:02.993Z info: Redis health check: pong=PONG status=ready
2025-12-17T03:29:33.004Z info: Redis health check: pong=PONG status=ready
2025-12-17T03:30:03.014Z info: Redis health check: pong=PONG status=ready
2025-12-17T03:30:33.026Z info: Redis health check: pong=PONG status=ready
2025-12-17T03:31:03.039Z info: Redis health check: pong=PONG status=ready
2025-12-17T03:31:33.042Z info: Redis health check: pong=PONG status=ready
2025-12-17T03:32:03.040Z info: Redis health check: pong=PONG status=ready
2025-12-17T03:32:33.052Z info: Redis health check: pong=PONG status=ready
2025-12-17T03:33:03.057Z info: Redis health check: pong=PONG status=ready
2025-12-17T03:33:33.060Z info: Redis health check: pong=PONG status=ready
2025-12-17T03:34:03.077Z info: Redis health check: pong=PONG status=ready
2025-12-17T03:34:33.082Z info: Redis health check: pong=PONG status=ready
2025-12-17T03:35:03.087Z info: Redis health check: pong=PONG status=ready
2025-12-17T03:35:33.095Z info: Redis health check: pong=PONG status=ready
2025-12-17T03:36:03.097Z info: Redis health check: pong=PONG status=ready
2025-12-17T03:36:33.109Z info: Redis health check: pong=PONG status=ready
2025-12-17T03:37:03.123Z info: Redis health check: pong=PONG status=ready
2025-12-17T03:37:33.138Z info: Redis health check: pong=PONG status=ready
2025-12-17T03:38:03.148Z info: Redis health check: pong=PONG status=ready
2025-12-17T03:38:33.157Z info: Redis health check: pong=PONG status=ready
2025-12-17T03:39:03.170Z info: Redis health check: pong=PONG status=ready
2025-12-17T03:39:33.187Z info: Redis health check: pong=PONG status=ready
2025-12-17T03:40:03.198Z info: Redis health check: pong=PONG status=ready
2025-12-17T03:40:33.201Z info: Redis health check: pong=PONG status=ready
2025-12-17T03:41:03.210Z info: Redis health check: pong=PONG status=ready
2025-12-17T03:41:33.210Z info: Redis health check: pong=PONG status=ready
2025-12-17T03:42:03.215Z info: Redis health check: pong=PONG status=ready
2025-12-17T03:42:33.265Z info: Redis health check: pong=PONG status=ready
2025-12-17T03:43:03.254Z info: Redis health check: pong=PONG status=ready
2025-12-17T03:43:33.243Z info: Redis health check: pong=PONG status=ready
2025-12-17T03:44:03.246Z info: Redis health check: pong=PONG status=ready
2025-12-17T03:44:33.245Z info: Redis health check: pong=PONG status=ready
2025-12-17T03:45:03.253Z info: Redis health check: pong=PONG status=ready
2025-12-17T03:45:33.263Z info: Redis health check: pong=PONG status=ready
2025-12-17T03:46:03.276Z info: Redis health check: pong=PONG status=ready
2025-12-17T03:46:33.280Z info: Redis health check: pong=PONG status=ready
2025-12-17T03:47:03.289Z info: Redis health check: pong=PONG status=ready
2025-12-17T03:47:33.304Z info: Redis health check: pong=PONG status=ready
2025-12-17T03:48:03.308Z info: Redis health check: pong=PONG status=ready
2025-12-17T03:48:33.325Z info: Redis health check: pong=PONG status=ready
2025-12-17T03:49:03.336Z info: Redis health check: pong=PONG status=ready
2025-12-17T03:49:33.338Z info: Redis health check: pong=PONG status=ready
2025-12-17T03:50:03.346Z info: Redis health check: pong=PONG status=ready
2025-12-17T03:50:33.361Z info: Redis health check: pong=PONG status=ready
2025-12-17T03:51:03.373Z info: Redis health check: pong=PONG status=ready
2025-12-17T03:51:33.377Z info: Redis health check: pong=PONG status=ready
2025-12-17T03:52:03.383Z info: Redis health check: pong=PONG status=ready
2025-12-17T03:52:33.394Z info: Redis health check: pong=PONG status=ready
2025-12-17T03:53:03.396Z info: Redis health check: pong=PONG status=ready
2025-12-17T03:53:33.414Z info: Redis health check: pong=PONG status=ready
2025-12-17T03:54:03.429Z info: Redis health check: pong=PONG status=ready
2025-12-17T03:54:33.415Z info: Redis health check: pong=PONG status=ready
2025-12-17T03:55:03.421Z info: Redis health check: pong=PONG status=ready
2025-12-17T03:55:33.435Z info: Redis health check: pong=PONG status=ready
2025-12-17T03:56:03.452Z info: Redis health check: pong=PONG status=ready
2025-12-17T03:56:33.456Z info: Redis health check: pong=PONG status=ready
2025-12-17T03:57:03.460Z info: Redis health check: pong=PONG status=ready
2025-12-17T03:57:33.467Z info: Redis health check: pong=PONG status=ready
2025-12-17T03:58:03.469Z info: Redis health check: pong=PONG status=ready
2025-12-17T03:58:33.474Z info: Redis health check: pong=PONG status=ready
2025-12-17T03:59:04.160Z info: Redis health check: pong=PONG status=ready
2025-12-17T03:59:33.695Z info: Redis health check: pong=PONG status=ready
2025-12-17T04:00:03.735Z info: Redis health check: pong=PONG status=ready
2025-12-17T04:00:33.688Z info: Redis health check: pong=PONG status=ready
2025-12-17T04:01:03.694Z info: Redis health check: pong=PONG status=ready
2025-12-17T04:01:33.717Z info: Redis health check: pong=PONG status=ready
2025-12-17T04:02:10.433Z info: Redis health check: pong=PONG status=ready
2025-12-17T04:02:34.385Z info: Redis health check: pong=PONG status=ready
2025-12-17T04:03:06.028Z info: Redis health check: pong=PONG status=ready
2025-12-17T04:03:34.824Z info: Redis health check: pong=PONG status=ready
2025-12-17T04:04:04.826Z info: Redis health check: pong=PONG status=ready
2025-12-17T04:04:15.271Z info: ✓ Sentry initialized for error tracking
2025-12-17T04:04:15.293Z info: Environment validation passed
2025-12-17T04:04:15.293Z info: Environment: production
2025-12-17T04:04:15.294Z error: Redis health check failed:
2025-12-17T04:04:15.668Z info: Database connection successful
2025-12-17T04:04:15.670Z info: Redis ready for rate limiting
2025-12-17T04:04:15.675Z info: ✓ Server is running on http://localhost:5050
2025-12-17T04:04:15.675Z info: ✓ Node environment: production
2025-12-17T04:04:45.309Z info: Redis health check: pong=PONG status=ready
2025-12-17T04:05:15.314Z info: Redis health check: pong=PONG status=ready
2025-12-17T04:05:45.303Z info: Redis health check: pong=PONG status=ready
2025-12-17T04:06:15.364Z info: Redis health check: pong=PONG status=ready
2025-12-17T04:06:45.383Z info: Redis health check: pong=PONG status=ready
2025-12-17T04:07:15.393Z info: Redis health check: pong=PONG status=ready
2025-12-17T04:07:45.360Z info: Redis health check: pong=PONG status=ready
2025-12-17T04:08:15.351Z info: Redis health check: pong=PONG status=ready
2025-12-17T04:08:45.366Z info: Redis health check: pong=PONG status=ready
2025-12-17T04:09:15.373Z info: Redis health check: pong=PONG status=ready
2025-12-17T04:09:45.377Z info: Redis health check: pong=PONG status=ready
2025-12-17T04:09:49.026Z info: ✓ Sentry initialized for error tracking
2025-12-17T04:09:49.040Z info: Environment validation passed
2025-12-17T04:09:49.041Z info: Environment: production
2025-12-17T04:09:49.042Z error: Redis health check failed:
2025-12-17T04:09:49.537Z error: Database connection failed:
2025-12-17T04:10:15.427Z info: Redis health check: pong=PONG status=ready
2025-12-17T04:10:45.403Z info: Redis health check: pong=PONG status=ready
2025-12-17T07:11:12.730Z info: Redis health check: pong=PONG status=ready
2025-12-17T10:48:43.443Z info: Redis health check: pong=PONG status=ready
2025-12-17T10:49:12.960Z info: Redis health check: pong=PONG status=ready
2025-12-17T10:49:42.884Z info: Redis health check: pong=PONG status=ready
2025-12-17T10:50:12.897Z info: Redis health check: pong=PONG status=ready
2025-12-17T10:50:42.898Z info: Redis health check: pong=PONG status=ready
2025-12-17T10:51:12.903Z info: Redis health check: pong=PONG status=ready
2025-12-17T10:51:42.911Z info: Redis health check: pong=PONG status=ready
2025-12-17T10:52:12.920Z info: Redis health check: pong=PONG status=ready
2025-12-17T10:52:42.927Z info: Redis health check: pong=PONG status=ready
2025-12-17T10:53:12.934Z info: Redis health check: pong=PONG status=ready
2025-12-17T10:53:42.942Z info: Redis health check: pong=PONG status=ready
2025-12-17T10:54:12.950Z info: Redis health check: pong=PONG status=ready
2025-12-17T10:54:42.987Z info: Redis health check: pong=PONG status=ready
2025-12-17T10:55:13.008Z info: Redis health check: pong=PONG status=ready
2025-12-17T10:55:44.522Z info: Redis health check: pong=PONG status=ready
2025-12-17T10:56:14.180Z info: Redis health check: pong=PONG status=ready
2025-12-17T10:56:44.188Z info: Redis health check: pong=PONG status=ready
2025-12-17T10:57:14.198Z info: Redis health check: pong=PONG status=ready
2025-12-17T10:57:44.291Z info: Redis health check: pong=PONG status=ready
2025-12-17T10:58:14.218Z info: Redis health check: pong=PONG status=ready
2025-12-17T10:58:44.220Z info: Redis health check: pong=PONG status=ready
2025-12-17T10:59:14.232Z info: Redis health check: pong=PONG status=ready
2025-12-17T10:59:44.256Z info: Redis health check: pong=PONG status=ready
2025-12-17T11:00:14.252Z info: Redis health check: pong=PONG status=ready
2025-12-17T11:00:44.253Z info: Redis health check: pong=PONG status=ready
2025-12-17T11:01:14.262Z info: Redis health check: pong=PONG status=ready
2025-12-17T11:01:44.268Z info: Redis health check: pong=PONG status=ready
2025-12-17T11:02:14.281Z info: Redis health check: pong=PONG status=ready
2025-12-17T11:02:44.279Z info: Redis health check: pong=PONG status=ready
2025-12-17T11:03:14.291Z info: Redis health check: pong=PONG status=ready
2025-12-17T11:03:44.297Z info: Redis health check: pong=PONG status=ready
2025-12-17T11:04:14.302Z info: Redis health check: pong=PONG status=ready
2025-12-17T11:04:44.304Z info: Redis health check: pong=PONG status=ready
2025-12-17T11:05:14.316Z info: Redis health check: pong=PONG status=ready
2025-12-17T11:05:44.340Z info: Redis health check: pong=PONG status=ready
2025-12-17T11:06:14.318Z info: Redis health check: pong=PONG status=ready
2025-12-17T11:06:44.324Z info: Redis health check: pong=PONG status=ready
2025-12-17T11:07:14.333Z info: Redis health check: pong=PONG status=ready
2025-12-17T11:07:44.350Z info: Redis health check: pong=PONG status=ready
2025-12-17T11:08:14.360Z info: Redis health check: pong=PONG status=ready
2025-12-17T11:08:44.541Z info: Redis health check: pong=PONG status=ready
2025-12-17T11:09:14.378Z info: Redis health check: pong=PONG status=ready
2025-12-17T11:09:44.374Z info: Redis health check: pong=PONG status=ready
2025-12-17T11:10:14.385Z info: Redis health check: pong=PONG status=ready
2025-12-17T11:10:44.398Z info: Redis health check: pong=PONG status=ready
2025-12-17T11:11:14.411Z info: Redis health check: pong=PONG status=ready
2025-12-17T11:11:44.426Z info: Redis health check: pong=PONG status=ready
2025-12-17T11:12:14.428Z info: Redis health check: pong=PONG status=ready
2025-12-17T11:12:44.438Z info: Redis health check: pong=PONG status=ready
2025-12-17T11:13:14.437Z info: Redis health check: pong=PONG status=ready
2025-12-17T11:13:44.452Z info: Redis health check: pong=PONG status=ready
2025-12-17T11:14:14.458Z info: Redis health check: pong=PONG status=ready
2025-12-17T11:14:44.467Z info: Redis health check: pong=PONG status=ready
2025-12-17T11:15:14.468Z info: Redis health check: pong=PONG status=ready
2025-12-17T11:15:44.483Z info: Redis health check: pong=PONG status=ready
2025-12-17T11:16:14.487Z info: Redis health check: pong=PONG status=ready
2025-12-17T11:16:44.500Z info: Redis health check: pong=PONG status=ready
2025-12-17T11:17:14.514Z info: Redis health check: pong=PONG status=ready
2025-12-17T11:17:44.528Z info: Redis health check: pong=PONG status=ready
2025-12-17T11:18:14.534Z info: Redis health check: pong=PONG status=ready
2025-12-17T11:18:44.553Z info: Redis health check: pong=PONG status=ready
2025-12-17T11:19:14.559Z info: Redis health check: pong=PONG status=ready
2025-12-17T11:19:44.564Z info: Redis health check: pong=PONG status=ready
2025-12-17T11:20:14.565Z info: Redis health check: pong=PONG status=ready
2025-12-17T11:20:44.577Z info: Redis health check: pong=PONG status=ready
2025-12-17T11:21:14.585Z info: Redis health check: pong=PONG status=ready
2025-12-17T11:21:44.592Z info: Redis health check: pong=PONG status=ready
2025-12-17T11:22:14.606Z info: Redis health check: pong=PONG status=ready
2025-12-17T11:22:44.613Z info: Redis health check: pong=PONG status=ready
2025-12-17T11:23:14.628Z info: Redis health check: pong=PONG status=ready
2025-12-17T11:23:44.632Z info: Redis health check: pong=PONG status=ready
2025-12-17T11:24:14.637Z info: Redis health check: pong=PONG status=ready
2025-12-17T11:24:44.648Z info: Redis health check: pong=PONG status=ready
2025-12-17T11:25:14.654Z info: Redis health check: pong=PONG status=ready
2025-12-17T11:25:44.666Z info: Redis health check: pong=PONG status=ready
2025-12-17T11:26:14.682Z info: Redis health check: pong=PONG status=ready
2025-12-17T11:26:44.684Z info: Redis health check: pong=PONG status=ready
2025-12-17T11:27:14.687Z info: Redis health check: pong=PONG status=ready
2025-12-17T11:27:44.692Z info: Redis health check: pong=PONG status=ready
2025-12-17T11:28:14.703Z info: Redis health check: pong=PONG status=ready
2025-12-17T11:28:44.704Z info: Redis health check: pong=PONG status=ready
2025-12-17T11:29:14.711Z info: Redis health check: pong=PONG status=ready
2025-12-17T11:29:44.724Z info: Redis health check: pong=PONG status=ready
2025-12-17T11:30:14.732Z info: Redis health check: pong=PONG status=ready
2025-12-17T11:30:44.733Z info: Redis health check: pong=PONG status=ready
2025-12-17T11:31:14.735Z info: Redis health check: pong=PONG status=ready
2025-12-17T11:31:44.747Z info: Redis health check: pong=PONG status=ready
2025-12-17T11:32:14.746Z info: Redis health check: pong=PONG status=ready
2025-12-17T11:32:44.753Z info: Redis health check: pong=PONG status=ready
2025-12-17T11:33:14.769Z info: Redis health check: pong=PONG status=ready
2025-12-17T11:33:44.783Z info: Redis health check: pong=PONG status=ready
2025-12-17T11:34:14.788Z info: Redis health check: pong=PONG status=ready
2025-12-17T11:34:44.796Z info: Redis health check: pong=PONG status=ready
2025-12-17T11:35:14.809Z info: Redis health check: pong=PONG status=ready
2025-12-17T11:35:44.814Z info: Redis health check: pong=PONG status=ready
2025-12-17T11:36:14.824Z info: Redis health check: pong=PONG status=ready
2025-12-17T11:36:44.840Z info: Redis health check: pong=PONG status=ready
2025-12-17T11:37:14.850Z info: Redis health check: pong=PONG status=ready
2025-12-17T11:37:44.851Z info: Redis health check: pong=PONG status=ready
2025-12-17T11:38:14.864Z info: Redis health check: pong=PONG status=ready
2025-12-17T11:38:44.868Z info: Redis health check: pong=PONG status=ready
2025-12-17T11:39:14.883Z info: Redis health check: pong=PONG status=ready
2025-12-17T11:39:44.885Z info: Redis health check: pong=PONG status=ready
2025-12-17T11:40:14.888Z info: Redis health check: pong=PONG status=ready
2025-12-17T11:40:44.889Z info: Redis health check: pong=PONG status=ready
2025-12-17T11:41:14.898Z info: Redis health check: pong=PONG status=ready
2025-12-17T11:41:44.902Z info: Redis health check: pong=PONG status=ready
2025-12-17T11:42:14.905Z info: Redis health check: pong=PONG status=ready
2025-12-17T11:42:44.914Z info: Redis health check: pong=PONG status=ready
2025-12-17T11:43:14.924Z info: Redis health check: pong=PONG status=ready
2025-12-17T11:43:44.935Z info: Redis health check: pong=PONG status=ready
2025-12-17T11:44:14.937Z info: Redis health check: pong=PONG status=ready
2025-12-17T11:44:44.949Z info: Redis health check: pong=PONG status=ready
2025-12-17T11:45:14.956Z info: Redis health check: pong=PONG status=ready
2025-12-17T11:45:44.964Z info: Redis health check: pong=PONG status=ready
2025-12-17T11:46:14.973Z info: Redis health check: pong=PONG status=ready
2025-12-17T11:46:44.977Z info: Redis health check: pong=PONG status=ready
2025-12-17T11:47:14.989Z info: Redis health check: pong=PONG status=ready
2025-12-17T11:47:45.014Z info: Redis health check: pong=PONG status=ready
2025-12-17T11:48:15.005Z info: Redis health check: pong=PONG status=ready
2025-12-17T11:48:45.019Z info: Redis health check: pong=PONG status=ready
2025-12-17T11:49:15.025Z info: Redis health check: pong=PONG status=ready
2025-12-17T11:49:45.028Z info: Redis health check: pong=PONG status=ready
2025-12-17T11:50:15.035Z info: Redis health check: pong=PONG status=ready
2025-12-17T11:50:45.043Z info: Redis health check: pong=PONG status=ready
2025-12-17T11:51:15.050Z info: Redis health check: pong=PONG status=ready
2025-12-17T11:51:45.057Z info: Redis health check: pong=PONG status=ready
2025-12-17T11:52:15.059Z info: Redis health check: pong=PONG status=ready
2025-12-17T11:52:45.074Z info: Redis health check: pong=PONG status=ready
2025-12-17T11:53:15.088Z info: Redis health check: pong=PONG status=ready
2025-12-17T11:53:45.098Z info: Redis health check: pong=PONG status=ready
2025-12-17T11:54:15.104Z info: Redis health check: pong=PONG status=ready
2025-12-17T11:54:45.106Z info: Redis health check: pong=PONG status=ready
2025-12-17T11:55:15.110Z info: Redis health check: pong=PONG status=ready
2025-12-17T11:55:45.136Z info: Redis health check: pong=PONG status=ready
2025-12-17T11:56:15.127Z info: Redis health check: pong=PONG status=ready
2025-12-17T11:56:45.127Z info: Redis health check: pong=PONG status=ready
2025-12-17T11:57:15.134Z info: Redis health check: pong=PONG status=ready
2025-12-17T11:57:45.149Z info: Redis health check: pong=PONG status=ready
2025-12-17T11:58:15.160Z info: Redis health check: pong=PONG status=ready
2025-12-17T11:58:45.151Z info: Redis health check: pong=PONG status=ready
2025-12-17T11:59:15.154Z info: Redis health check: pong=PONG status=ready
2025-12-17T11:59:45.171Z info: Redis health check: pong=PONG status=ready
2025-12-17T12:00:15.175Z info: Redis health check: pong=PONG status=ready
2025-12-17T12:00:45.198Z info: Redis health check: pong=PONG status=ready
2025-12-17T12:01:15.209Z info: Redis health check: pong=PONG status=ready
2025-12-17T12:01:45.210Z info: Redis health check: pong=PONG status=ready
2025-12-17T12:02:15.247Z info: Redis health check: pong=PONG status=ready
2025-12-17T12:02:45.209Z info: Redis health check: pong=PONG status=ready
2025-12-17T12:03:15.219Z info: Redis health check: pong=PONG status=ready
2025-12-17T12:03:45.225Z info: Redis health check: pong=PONG status=ready
2025-12-17T12:04:15.233Z info: Redis health check: pong=PONG status=ready
2025-12-17T12:04:45.243Z info: Redis health check: pong=PONG status=ready
2025-12-17T12:05:15.246Z info: Redis health check: pong=PONG status=ready
2025-12-17T12:05:45.257Z info: Redis health check: pong=PONG status=ready
2025-12-17T12:06:15.297Z info: Redis health check: pong=PONG status=ready
2025-12-17T12:06:45.266Z info: Redis health check: pong=PONG status=ready
2025-12-17T12:07:15.278Z info: Redis health check: pong=PONG status=ready
2025-12-17T12:07:45.292Z info: Redis health check: pong=PONG status=ready
2025-12-17T12:08:15.320Z info: Redis health check: pong=PONG status=ready
2025-12-17T12:08:45.473Z info: Redis health check: pong=PONG status=ready
2025-12-17T12:09:17.495Z info: Redis health check: pong=PONG status=ready
2025-12-17T12:09:46.063Z info: Redis health check: pong=PONG status=ready
2025-12-17T12:10:16.068Z info: Redis health check: pong=PONG status=ready
2025-12-17T12:10:46.078Z info: Redis health check: pong=PONG status=ready
2025-12-17T12:11:16.095Z info: Redis health check: pong=PONG status=ready
2025-12-17T12:11:46.102Z info: Redis health check: pong=PONG status=ready
2025-12-17T12:12:16.100Z info: Redis health check: pong=PONG status=ready
2025-12-17T12:12:46.100Z info: Redis health check: pong=PONG status=ready
2025-12-17T12:13:16.118Z info: Redis health check: pong=PONG status=ready
2025-12-17T12:13:46.120Z info: Redis health check: pong=PONG status=ready
2025-12-17T12:14:16.126Z info: Redis health check: pong=PONG status=ready
2025-12-17T12:14:46.234Z info: Redis health check: pong=PONG status=ready
2025-12-17T12:15:16.143Z info: Redis health check: pong=PONG status=ready
2025-12-17T12:15:46.154Z info: Redis health check: pong=PONG status=ready
2025-12-17T12:16:16.162Z info: Redis health check: pong=PONG status=ready
2025-12-17T12:16:46.166Z info: Redis health check: pong=PONG status=ready
2025-12-17T12:17:16.173Z info: Redis health check: pong=PONG status=ready
2025-12-17T12:17:46.178Z info: Redis health check: pong=PONG status=ready
2025-12-17T12:18:16.194Z info: Redis health check: pong=PONG status=ready
2025-12-17T12:18:46.206Z info: Redis health check: pong=PONG status=ready
2025-12-17T12:19:16.216Z info: Redis health check: pong=PONG status=ready
2025-12-17T12:19:46.215Z info: Redis health check: pong=PONG status=ready
2025-12-17T12:20:16.230Z info: Redis health check: pong=PONG status=ready
2025-12-17T12:20:46.244Z info: Redis health check: pong=PONG status=ready
2025-12-17T12:21:16.315Z info: Redis health check: pong=PONG status=ready
2025-12-17T12:21:46.253Z info: Redis health check: pong=PONG status=ready
2025-12-17T12:22:16.254Z info: Redis health check: pong=PONG status=ready
2025-12-17T12:22:46.261Z info: Redis health check: pong=PONG status=ready
2025-12-17T12:23:16.274Z info: Redis health check: pong=PONG status=ready
2025-12-17T12:23:46.281Z info: Redis health check: pong=PONG status=ready
2025-12-17T12:24:16.295Z info: Redis health check: pong=PONG status=ready
2025-12-17T12:24:46.306Z info: Redis health check: pong=PONG status=ready
2025-12-17T12:25:16.319Z info: Redis health check: pong=PONG status=ready
2025-12-17T12:25:46.332Z info: Redis health check: pong=PONG status=ready
2025-12-17T12:26:16.359Z info: Redis health check: pong=PONG status=ready
2025-12-17T12:26:46.341Z info: Redis health check: pong=PONG status=ready
2025-12-17T12:27:16.348Z info: Redis health check: pong=PONG status=ready
2025-12-17T12:27:46.350Z info: Redis health check: pong=PONG status=ready
2025-12-17T12:28:16.401Z info: Redis health check: pong=PONG status=ready
2025-12-17T12:28:46.373Z info: Redis health check: pong=PONG status=ready
2025-12-17T12:29:16.385Z info: Redis health check: pong=PONG status=ready
2025-12-17T12:29:46.394Z info: Redis health check: pong=PONG status=ready
2025-12-17T12:30:16.398Z info: Redis health check: pong=PONG status=ready
2025-12-17T12:30:46.402Z info: Redis health check: pong=PONG status=ready
2025-12-17T12:31:16.404Z info: Redis health check: pong=PONG status=ready
2025-12-17T12:31:46.417Z info: Redis health check: pong=PONG status=ready
2025-12-17T12:32:16.431Z info: Redis health check: pong=PONG status=ready
2025-12-17T12:32:46.434Z info: Redis health check: pong=PONG status=ready
2025-12-17T12:33:16.458Z info: Redis health check: pong=PONG status=ready
2025-12-17T12:33:46.464Z info: Redis health check: pong=PONG status=ready
2025-12-17T12:34:16.475Z info: Redis health check: pong=PONG status=ready
2025-12-17T12:34:46.488Z info: Redis health check: pong=PONG status=ready
2025-12-17T12:35:16.496Z info: Redis health check: pong=PONG status=ready
2025-12-17T12:35:46.583Z info: Redis health check: pong=PONG status=ready
2025-12-17T12:36:16.506Z info: Redis health check: pong=PONG status=ready
2025-12-17T12:36:46.550Z info: Redis health check: pong=PONG status=ready
2025-12-17T12:37:16.524Z info: Redis health check: pong=PONG status=ready
2025-12-17T12:37:46.534Z info: Redis health check: pong=PONG status=ready
2025-12-17T12:38:16.631Z info: Redis health check: pong=PONG status=ready
2025-12-17T12:38:46.554Z info: Redis health check: pong=PONG status=ready
2025-12-17T12:39:16.557Z info: Redis health check: pong=PONG status=ready
2025-12-17T12:39:46.570Z info: Redis health check: pong=PONG status=ready
2025-12-17T12:40:16.576Z info: Redis health check: pong=PONG status=ready
2025-12-17T12:40:46.580Z info: Redis health check: pong=PONG status=ready
2025-12-17T12:41:16.594Z info: Redis health check: pong=PONG status=ready
2025-12-17T12:41:46.597Z info: Redis health check: pong=PONG status=ready
2025-12-17T12:42:16.603Z info: Redis health check: pong=PONG status=ready
2025-12-17T12:42:46.618Z info: Redis health check: pong=PONG status=ready
2025-12-17T12:43:16.637Z info: Redis health check: pong=PONG status=ready
2025-12-17T12:43:46.643Z info: Redis health check: pong=PONG status=ready
2025-12-17T12:44:16.697Z info: Redis health check: pong=PONG status=ready
2025-12-17T12:44:46.653Z info: Redis health check: pong=PONG status=ready
2025-12-17T12:45:16.672Z info: Redis health check: pong=PONG status=ready
2025-12-17T12:45:46.669Z info: Redis health check: pong=PONG status=ready
2025-12-17T12:46:16.679Z info: Redis health check: pong=PONG status=ready
2025-12-17T12:46:46.681Z info: Redis health check: pong=PONG status=ready
2025-12-17T12:47:16.689Z info: Redis health check: pong=PONG status=ready
2025-12-17T12:47:46.703Z info: Redis health check: pong=PONG status=ready
2025-12-17T12:48:16.712Z info: Redis health check: pong=PONG status=ready
2025-12-17T12:48:46.715Z info: Redis health check: pong=PONG status=ready
2025-12-17T12:49:16.724Z info: Redis health check: pong=PONG status=ready
2025-12-17T12:49:46.721Z info: Redis health check: pong=PONG status=ready
2025-12-17T12:50:16.722Z info: Redis health check: pong=PONG status=ready
2025-12-17T12:50:46.736Z info: Redis health check: pong=PONG status=ready
2025-12-17T12:51:16.747Z info: Redis health check: pong=PONG status=ready
2025-12-17T12:51:46.757Z info: Redis health check: pong=PONG status=ready
2025-12-17T12:52:16.759Z info: Redis health check: pong=PONG status=ready
2025-12-17T12:52:46.761Z info: Redis health check: pong=PONG status=ready
2025-12-17T12:53:16.764Z info: Redis health check: pong=PONG status=ready
2025-12-17T12:53:46.773Z info: Redis health check: pong=PONG status=ready
2025-12-17T12:54:16.776Z info: Redis health check: pong=PONG status=ready
2025-12-18T03:24:15.932Z info: Redis health check: pong=PONG status=ready
2025-12-18T03:24:16.052Z info: Redis health check: pong=PONG status=ready
2025-12-18T03:24:45.412Z info: Redis health check: pong=PONG status=ready
2025-12-18T03:25:15.342Z info: Redis health check: pong=PONG status=ready
2025-12-18T03:25:45.348Z info: Redis health check: pong=PONG status=ready
2025-12-18T03:26:15.353Z info: Redis health check: pong=PONG status=ready
2025-12-18T03:26:45.364Z info: Redis health check: pong=PONG status=ready
2025-12-18T03:27:15.358Z info: Redis health check: pong=PONG status=ready
2025-12-18T03:27:45.378Z info: Redis health check: pong=PONG status=ready
2025-12-18T03:28:15.396Z info: Redis health check: pong=PONG status=ready
2025-12-18T03:28:45.399Z info: Redis health check: pong=PONG status=ready
2025-12-18T03:29:15.464Z info: Redis health check: pong=PONG status=ready
2025-12-18T03:29:45.411Z info: Redis health check: pong=PONG status=ready
2025-12-18T03:30:15.425Z info: Redis health check: pong=PONG status=ready
2025-12-18T03:30:45.432Z info: Redis health check: pong=PONG status=ready
2025-12-18T03:31:16.432Z info: Redis health check: pong=PONG status=ready
2025-12-18T03:31:46.352Z info: Redis health check: pong=PONG status=ready
2025-12-18T03:32:16.381Z info: Redis health check: pong=PONG status=ready
2025-12-18T03:32:46.388Z info: Redis health check: pong=PONG status=ready
2025-12-18T03:33:16.394Z info: Redis health check: pong=PONG status=ready
2025-12-18T03:33:41.058Z info: ✓ Sentry initialized for error tracking
2025-12-18T03:33:41.079Z info: Environment validation passed
2025-12-18T03:33:41.079Z info: Environment: production
2025-12-18T03:33:41.081Z error: Redis health check failed:
2025-12-18T03:33:41.426Z info: Database connection successful
2025-12-18T03:33:41.427Z info: Redis ready for rate limiting
2025-12-18T03:33:41.432Z info: ✓ Server is running on http://localhost:5050
2025-12-18T03:33:41.433Z info: ✓ Node environment: production
2025-12-18T03:34:11.091Z info: Redis health check: pong=PONG status=ready
2025-12-18T03:34:41.214Z info: Redis health check: pong=PONG status=ready
2025-12-18T03:35:11.212Z info: Redis health check: pong=PONG status=ready
2025-12-18T03:35:41.484Z info: Redis health check: pong=PONG status=ready
2025-12-18T03:36:11.347Z info: Redis health check: pong=PONG status=ready
2025-12-18T03:36:41.359Z info: Redis health check: pong=PONG status=ready
2025-12-18T03:37:11.505Z info: Redis health check: pong=PONG status=ready
2025-12-18T03:37:41.370Z info: Redis health check: pong=PONG status=ready
2025-12-18T03:38:11.379Z info: Redis health check: pong=PONG status=ready
2025-12-18T03:38:41.397Z info: Redis health check: pong=PONG status=ready
2025-12-18T03:39:11.388Z info: Redis health check: pong=PONG status=ready
2025-12-18T03:39:25.470Z info: Received SIGINT, gracefully shutting down...
2025-12-18T03:39:38.121Z info: ✓ Sentry initialized for error tracking
2025-12-18T03:39:38.140Z info: Environment validation passed
2025-12-18T03:39:38.140Z info: Environment: production
2025-12-18T03:39:38.141Z error: Redis health check failed:
2025-12-18T03:39:39.286Z info: Database connection successful
2025-12-18T03:39:39.287Z info: Redis ready for rate limiting
2025-12-18T03:39:39.290Z info: ✓ Server is running on http://localhost:5050
2025-12-18T03:39:39.291Z info: ✓ Node environment: production
2025-12-18T03:40:08.128Z info: Redis health check: pong=PONG status=ready
2025-12-18T03:40:38.225Z info: Redis health check: pong=PONG status=ready
2025-12-18T03:41:08.225Z info: Redis health check: pong=PONG status=ready
2025-12-18T03:41:38.231Z info: Redis health check: pong=PONG status=ready
2025-12-18T03:42:08.230Z info: Redis health check: pong=PONG status=ready
2025-12-18T03:42:38.240Z info: Redis health check: pong=PONG status=ready
2025-12-18T03:43:08.246Z info: Redis health check: pong=PONG status=ready
2025-12-18T03:43:38.248Z info: Redis health check: pong=PONG status=ready
2025-12-18T03:43:52.566Z info: Received SIGINT, gracefully shutting down...
2025-12-18T03:44:03.236Z info: ✓ Sentry initialized for error tracking
2025-12-18T03:44:03.246Z info: Environment validation passed
2025-12-18T03:44:03.247Z info: Environment: production
2025-12-18T03:44:03.248Z error: Redis health check failed:
2025-12-18T03:44:03.452Z info: Database connection successful
2025-12-18T03:44:03.453Z info: Redis ready for rate limiting
2025-12-18T03:44:03.457Z info: ✓ Server is running on http://localhost:5050
2025-12-18T03:44:03.458Z info: ✓ Node environment: production
2025-12-18T03:44:33.256Z info: Redis health check: pong=PONG status=ready
2025-12-18T03:45:03.734Z info: Redis health check: pong=PONG status=ready
2025-12-18T03:45:33.742Z info: Redis health check: pong=PONG status=ready
2025-12-18T03:45:58.824Z info: Received SIGINT, gracefully shutting down...
2025-12-18T03:46:08.117Z info: ✓ Sentry initialized for error tracking
2025-12-18T03:46:08.127Z info: Environment validation passed
2025-12-18T03:46:08.127Z info: Environment: production
2025-12-18T03:46:08.128Z error: Redis health check failed:
2025-12-18T03:46:08.300Z info: Database connection successful
2025-12-18T03:46:08.301Z info: Redis ready for rate limiting
2025-12-18T03:46:08.305Z info: ✓ Server is running on http://localhost:5050
2025-12-18T03:46:08.305Z info: ✓ Node environment: production
2025-12-18T03:46:38.128Z info: Redis health check: pong=PONG status=ready
2025-12-18T03:46:58.187Z info: ✓ Sentry initialized for error tracking
2025-12-18T03:46:58.196Z info: Environment validation passed
2025-12-18T03:46:58.197Z info: Environment: production
2025-12-18T03:46:58.197Z error: Redis health check failed:
2025-12-18T03:46:58.335Z info: Database connection successful
2025-12-18T03:47:08.193Z info: Redis health check: pong=PONG status=ready
2025-12-18T03:47:38.204Z info: Redis health check: pong=PONG status=ready
2025-12-18T03:48:08.208Z info: Redis health check: pong=PONG status=ready
2025-12-18T03:48:38.224Z info: Redis health check: pong=PONG status=ready
2025-12-18T03:49:08.236Z info: Redis health check: pong=PONG status=ready
2025-12-18T03:49:38.248Z info: Redis health check: pong=PONG status=ready
2025-12-18T03:50:08.253Z info: Redis health check: pong=PONG status=ready
2025-12-18T03:50:23.165Z info: ✓ Sentry initialized for error tracking
2025-12-18T03:50:23.174Z info: Environment validation passed
2025-12-18T03:50:23.175Z info: Environment: production
2025-12-18T03:50:23.176Z error: Redis health check failed:
2025-12-18T03:50:23.514Z info: Database connection successful
2025-12-18T03:50:38.262Z info: Redis health check: pong=PONG status=ready
2025-12-18T03:51:08.285Z info: Redis health check: pong=PONG status=ready
2025-12-18T03:51:38.291Z info: Redis health check: pong=PONG status=ready
2025-12-18T03:52:08.289Z info: Redis health check: pong=PONG status=ready
2025-12-18T03:52:38.296Z info: Redis health check: pong=PONG status=ready
2025-12-18T03:53:08.295Z info: Redis health check: pong=PONG status=ready
2025-12-18T03:53:38.300Z info: Redis health check: pong=PONG status=ready
2025-12-18T03:54:08.307Z error: Redis health check failed:
2025-12-18T03:54:38.303Z error: Redis health check failed:
2025-12-18T03:55:08.310Z error: Redis health check failed:
2025-12-18T03:55:38.311Z error: Redis health check failed:
2025-12-18T03:56:08.318Z error: Redis health check failed:
2025-12-18T03:56:38.378Z error: Redis health check failed:
2025-12-18T03:56:45.462Z error: POST /api/v1/auth/register 500
2025-12-18T03:57:08.350Z error: Redis health check failed:
2025-12-18T03:57:38.359Z error: Redis health check failed:
2025-12-18T03:58:08.369Z error: Redis health check failed:
2025-12-18T03:58:38.371Z error: Redis health check failed:
2025-12-18T03:59:08.374Z error: Redis health check failed:
2025-12-18T03:59:38.382Z error: Redis health check failed:
2025-12-18T04:00:08.396Z error: Redis health check failed:
2025-12-18T04:00:38.405Z error: Redis health check failed:
2025-12-18T04:01:08.405Z error: Redis health check failed:
2025-12-18T04:01:38.414Z error: Redis health check failed:
2025-12-18T04:02:08.424Z error: Redis health check failed:
2025-12-18T04:02:38.430Z error: Redis health check failed:
2025-12-18T04:03:08.440Z error: Redis health check failed:
2025-12-18T04:03:38.444Z error: Redis health check failed:
2025-12-18T04:04:08.448Z error: Redis health check failed:
2025-12-18T04:04:18.924Z info: ✓ Sentry initialized for error tracking
2025-12-18T04:04:18.994Z info: Environment validation passed
2025-12-18T04:04:18.995Z info: Environment: production
2025-12-18T04:04:18.997Z error: Redis health check failed:
2025-12-18T04:04:19.239Z error: Database connection failed:
2025-12-18T04:04:39.837Z error: Redis health check failed:
2025-12-18T04:05:08.988Z error: Redis health check failed:
2025-12-18T04:05:39.162Z error: Redis health check failed:
2025-12-18T04:06:09.133Z error: Redis health check failed:
2025-12-18T04:06:39.140Z error: Redis health check failed:
2025-12-18T04:06:55.254Z info: Received SIGINT, gracefully shutting down...
2025-12-18T04:17:03.338Z info: ✓ Sentry initialized for error tracking
2025-12-18T04:17:03.358Z info: Environment validation passed
2025-12-18T04:17:03.358Z info: Environment: production
2025-12-18T04:17:03.360Z error: Redis health check failed:
2025-12-18T04:17:03.753Z info: Database connection successful
2025-12-18T04:17:03.754Z info: Redis ready for rate limiting
2025-12-18T04:17:03.759Z info: ✓ Server is running on http://localhost:5050
2025-12-18T04:17:03.759Z info: ✓ Node environment: production
2025-12-18T04:17:33.408Z info: Redis health check: pong=PONG status=ready
2025-12-18T04:18:03.584Z info: Redis health check: pong=PONG status=ready
2025-12-18T04:18:33.597Z info: Redis health check: pong=PONG status=ready
2025-12-18T04:19:03.600Z info: Redis health check: pong=PONG status=ready
2025-12-18T04:19:33.611Z info: Redis health check: pong=PONG status=ready
2025-12-18T04:20:03.623Z info: Redis health check: pong=PONG status=ready
2025-12-18T04:20:33.620Z info: Redis health check: pong=PONG status=ready
2025-12-18T04:21:03.633Z info: Redis health check: pong=PONG status=ready
2025-12-18T04:21:33.652Z info: Redis health check: pong=PONG status=ready
2025-12-18T04:21:56.415Z info: Received SIGINT, gracefully shutting down...
2025-12-18T04:26:14.751Z info: ✓ Sentry initialized for error tracking
2025-12-18T04:26:14.760Z info: Environment validation passed
2025-12-18T04:26:14.760Z info: Environment: production
2025-12-18T04:26:14.761Z error: Redis health check failed:
2025-12-18T04:26:17.577Z error: Database connection failed:
2025-12-18T04:26:31.906Z info: ✓ Sentry initialized for error tracking
2025-12-18T04:26:31.914Z info: Environment validation passed
2025-12-18T04:26:31.915Z info: Environment: production
2025-12-18T04:26:31.915Z error: Redis health check failed:
2025-12-18T04:26:34.713Z error: Database connection failed:
2025-12-18T04:29:18.303Z info: ✓ Sentry initialized for error tracking
2025-12-18T04:29:18.314Z info: Environment validation passed
2025-12-18T04:29:18.315Z info: Environment: production
2025-12-18T04:29:18.316Z error: Redis health check failed:
2025-12-18T04:29:21.179Z error: Database connection failed:
2026-03-24T12:52:36.698Z info: ✓ Sentry initialized for error tracking
2026-03-24T12:52:36.714Z info: Environment validation passed
2026-03-24T12:52:36.714Z info: Environment: production
2026-03-24T12:52:36.715Z error: Redis health check failed:
2026-03-24T12:52:38.781Z info: Database connection successful
2026-03-24T12:52:38.782Z warn: Waiting for Redis... attempt 1/10
2026-03-24T12:52:39.295Z warn: Waiting for Redis... attempt 2/10
2026-03-24T12:52:39.797Z warn: Waiting for Redis... attempt 3/10
2026-03-24T12:52:40.308Z warn: Waiting for Redis... attempt 4/10
2026-03-24T12:52:40.822Z warn: Waiting for Redis... attempt 5/10
2026-03-24T12:52:41.335Z warn: Waiting for Redis... attempt 6/10
2026-03-24T12:52:41.848Z warn: Waiting for Redis... attempt 7/10
2026-03-24T12:52:42.351Z warn: Waiting for Redis... attempt 8/10
2026-03-24T12:52:42.853Z warn: Waiting for Redis... attempt 9/10
2026-03-24T12:52:43.365Z warn: Waiting for Redis... attempt 10/10
2026-03-24T12:52:43.878Z warn: Redis not ready, continuing with fallback
2026-03-24T12:52:43.896Z info: ✓ Server is running on http://localhost:5050
2026-03-24T12:52:43.896Z info: ✓ Node environment: production
2026-03-24T12:53:06.706Z error: Redis health check failed:
2026-03-24T12:53:28.408Z info: Received SIGINT, gracefully shutting down...
2026-03-24T12:56:26.891Z info: ✓ Sentry initialized for error tracking
2026-03-24T12:56:26.903Z info: Environment validation passed
2026-03-24T12:56:26.903Z info: Environment: production
2026-03-24T12:56:26.904Z error: Redis health check failed:
2026-03-24T12:56:28.864Z info: Database connection successful
2026-03-24T12:56:28.864Z warn: Waiting for Redis... attempt 1/10
2026-03-24T12:56:29.366Z warn: Waiting for Redis... attempt 2/10
2026-03-24T12:56:29.867Z warn: Waiting for Redis... attempt 3/10
2026-03-24T12:56:30.381Z warn: Waiting for Redis... attempt 4/10
2026-03-24T12:56:30.896Z warn: Waiting for Redis... attempt 5/10
2026-03-24T12:56:31.412Z warn: Waiting for Redis... attempt 6/10
2026-03-24T12:56:31.927Z warn: Waiting for Redis... attempt 7/10
2026-03-24T12:56:32.439Z warn: Waiting for Redis... attempt 8/10
2026-03-24T12:56:32.954Z warn: Waiting for Redis... attempt 9/10
2026-03-24T12:56:33.468Z warn: Waiting for Redis... attempt 10/10
2026-03-24T12:56:33.968Z warn: Redis not ready, continuing with fallback
2026-03-24T12:56:33.974Z info: ✓ Server is running on http://localhost:5050
2026-03-24T12:56:33.974Z info: ✓ Node environment: production
2026-03-24T12:56:56.900Z error: Redis health check failed:
2026-03-24T12:57:15.748Z info: Received SIGINT, gracefully shutting down...
2026-03-24T12:58:30.870Z info: ✓ Sentry initialized for error tracking
2026-03-24T12:58:30.883Z info: Environment validation passed
2026-03-24T12:58:30.884Z info: Environment: production
2026-03-24T12:58:30.885Z error: Redis health check failed:
2026-03-24T12:58:33.166Z info: Database connection successful
2026-03-24T12:58:33.168Z warn: Waiting for Redis... attempt 1/10
2026-03-24T12:58:33.670Z warn: Waiting for Redis... attempt 2/10
2026-03-24T12:58:34.184Z warn: Waiting for Redis... attempt 3/10
2026-03-24T12:58:34.685Z warn: Waiting for Redis... attempt 4/10
2026-03-24T12:58:35.200Z warn: Waiting for Redis... attempt 5/10
2026-03-24T12:58:35.715Z warn: Waiting for Redis... attempt 6/10
2026-03-24T12:58:36.230Z warn: Waiting for Redis... attempt 7/10
2026-03-24T12:58:36.744Z warn: Waiting for Redis... attempt 8/10
2026-03-24T12:58:37.246Z warn: Waiting for Redis... attempt 9/10
2026-03-24T12:58:37.761Z warn: Waiting for Redis... attempt 10/10
2026-03-24T12:58:38.277Z warn: Redis not ready, continuing with fallback
2026-03-24T12:58:38.282Z info: ✓ Server is running on http://localhost:5050
2026-03-24T12:58:38.283Z info: ✓ Node environment: production
2026-03-24T12:59:00.881Z error: Redis health check failed:
2026-03-24T12:59:30.890Z error: Redis health check failed:
2026-03-24T13:00:00.905Z error: Redis health check failed:
2026-03-24T13:00:31.685Z error: Redis health check failed:
2026-03-24T13:00:33.491Z error: POST /api/v1/auth 500
2026-03-24T13:01:01.699Z error: Redis health check failed:
2026-03-24T13:01:31.702Z error: Redis health check failed:
2026-03-24T13:02:01.717Z error: Redis health check failed:
2026-03-24T13:02:31.723Z error: Redis health check failed:
2026-03-24T13:03:01.730Z error: Redis health check failed:
2026-03-24T13:03:06.010Z warn: POST /api/v1/auth 401
2026-03-24T13:03:13.911Z warn: POST /api/v1/auth 401
2026-03-24T13:03:31.044Z info: ✓ Sentry initialized for error tracking
2026-03-24T13:03:31.059Z info: Environment validation passed
2026-03-24T13:03:31.059Z info: Environment: production
2026-03-24T13:03:31.060Z error: Redis health check failed:
2026-03-24T13:03:33.722Z info: Database connection successful
2026-03-24T13:03:33.723Z warn: Waiting for Redis... attempt 1/10
2026-03-24T13:03:34.232Z warn: Waiting for Redis... attempt 2/10
2026-03-24T13:03:34.734Z warn: Waiting for Redis... attempt 3/10
2026-03-24T13:03:35.248Z warn: Waiting for Redis... attempt 4/10
2026-03-24T13:03:35.751Z warn: Waiting for Redis... attempt 5/10
2026-03-24T13:03:36.264Z warn: Waiting for Redis... attempt 6/10
2026-03-24T13:03:36.780Z warn: Waiting for Redis... attempt 7/10
2026-03-24T13:03:37.295Z warn: Waiting for Redis... attempt 8/10
2026-03-24T13:03:37.808Z warn: Waiting for Redis... attempt 9/10
2026-03-24T13:03:38.309Z warn: Waiting for Redis... attempt 10/10
2026-03-24T13:03:38.812Z warn: Redis not ready, continuing with fallback
2026-03-24T13:03:38.825Z info: ✓ Server is running on http://localhost:5050
2026-03-24T13:03:38.825Z info: ✓ Node environment: production
2026-03-24T13:03:58.028Z warn: POST /api/v1/auth 401
2026-03-24T13:04:01.061Z error: Redis health check failed:
2026-03-24T13:04:15.085Z info: POST /api/v1/auth/register 201
2026-03-24T13:04:31.069Z error: Redis health check failed:
2026-03-24T13:04:33.050Z info: ✓ Sentry initialized for error tracking
2026-03-24T13:04:33.070Z info: Environment validation passed
2026-03-24T13:04:33.070Z info: Environment: production
2026-03-24T13:04:33.072Z error: Redis health check failed:
2026-03-24T13:04:35.018Z info: Database connection successful
2026-03-24T13:04:35.019Z warn: Waiting for Redis... attempt 1/10
2026-03-24T13:04:35.526Z warn: Waiting for Redis... attempt 2/10
2026-03-24T13:04:36.050Z warn: Waiting for Redis... attempt 3/10
2026-03-24T13:04:36.564Z warn: Waiting for Redis... attempt 4/10
2026-03-24T13:04:37.080Z warn: Waiting for Redis... attempt 5/10
2026-03-24T13:04:37.592Z warn: Waiting for Redis... attempt 6/10
2026-03-24T13:04:38.105Z warn: Waiting for Redis... attempt 7/10
2026-03-24T13:04:38.621Z warn: Waiting for Redis... attempt 8/10
2026-03-24T13:04:39.136Z warn: Waiting for Redis... attempt 9/10
2026-03-24T13:04:39.651Z warn: Waiting for Redis... attempt 10/10
2026-03-24T13:04:40.167Z warn: Redis not ready, continuing with fallback
2026-03-24T13:05:01.080Z error: Redis health check failed:
2026-03-24T13:05:09.625Z info: POST /api/v1/auth/login 200
2026-03-24T13:05:30.717Z info: POST /api/v1/auth/login 200
2026-03-24T13:05:31.087Z error: Redis health check failed:
2026-03-24T13:05:42.261Z info: GET /health 200
2026-03-24T13:06:01.101Z error: Redis health check failed:
2026-03-24T13:06:31.112Z error: Redis health check failed:
2026-03-24T13:07:01.114Z error: Redis health check failed:
2026-03-24T13:07:24.131Z info: ✓ Sentry initialized for error tracking
2026-03-24T13:07:24.168Z info: Environment validation passed
2026-03-24T13:07:24.168Z info: Environment: production
2026-03-24T13:07:24.170Z error: Redis health check failed:
2026-03-24T13:07:31.710Z info: ✓ Sentry initialized for error tracking
2026-03-24T13:07:31.725Z info: Environment validation passed
2026-03-24T13:07:31.726Z info: Environment: production
2026-03-24T13:07:31.727Z error: Redis health check failed:
2026-03-24T13:07:33.716Z info: Database connection successful
2026-03-24T13:07:33.717Z warn: Waiting for Redis... attempt 1/10
2026-03-24T13:07:34.229Z warn: Waiting for Redis... attempt 2/10
2026-03-24T13:07:34.743Z warn: Waiting for Redis... attempt 3/10
2026-03-24T13:07:35.244Z warn: Waiting for Redis... attempt 4/10
2026-03-24T13:07:35.758Z warn: Waiting for Redis... attempt 5/10
2026-03-24T13:07:36.273Z warn: Waiting for Redis... attempt 6/10
2026-03-24T13:07:36.790Z warn: Waiting for Redis... attempt 7/10
2026-03-24T13:07:37.304Z warn: Waiting for Redis... attempt 8/10
2026-03-24T13:07:37.820Z warn: Waiting for Redis... attempt 9/10
2026-03-24T13:07:38.333Z warn: Waiting for Redis... attempt 10/10
2026-03-24T13:07:38.834Z warn: Redis not ready, continuing with fallback
2026-03-24T13:07:38.840Z info: ✓ Server is running on http://localhost:5050
2026-03-24T13:07:38.841Z info: ✓ Node environment: production
2026-03-24T13:10:31.807Z info: ✓ Sentry initialized for error tracking
2026-03-24T13:10:31.918Z info: Environment validation passed
2026-03-24T13:10:31.919Z info: Environment: production
2026-03-24T13:10:32.179Z info: Redis health check: pong=true status=ready
2026-03-24T13:10:33.870Z info: Database connection successful
2026-03-24T13:10:33.871Z info: Redis ready for rate limiting
2026-03-24T13:10:33.878Z info: ✓ Server is running on http://localhost:5050
2026-03-24T13:10:33.879Z info: ✓ Node environment: production
2026-03-24T13:10:39.900Z info: ✓ Sentry initialized for error tracking
2026-03-24T13:10:39.983Z info: Environment validation passed
2026-03-24T13:10:39.984Z info: Environment: production
2026-03-24T13:10:40.215Z info: Redis health check: pong=true status=ready
2026-03-24T13:10:41.810Z info: Database connection successful
2026-03-24T13:10:49.545Z info: GET /health 200
2026-03-24T13:11:02.097Z info: Redis health check: pong=true status=ready
2026-03-24T13:11:32.091Z info: Redis health check: pong=true status=ready
2026-03-24T13:11:58.026Z error: POST /api/v1/auth/login 500
2026-03-24T13:12:02.109Z info: Redis health check: pong=true status=ready
2026-03-24T13:12:08.039Z info: Received SIGINT, gracefully shutting down...
2026-03-24T13:12:18.725Z info: ✓ Sentry initialized for error tracking
2026-03-24T13:12:18.794Z info: Environment validation passed
2026-03-24T13:12:18.795Z info: Environment: production
2026-03-24T13:12:19.001Z info: Redis health check: pong=true status=ready
2026-03-24T13:12:20.603Z info: Database connection successful
2026-03-24T13:12:20.605Z info: Redis ready for rate limiting
2026-03-24T13:12:20.609Z info: ✓ Server is running on http://localhost:5050
2026-03-24T13:12:20.609Z info: ✓ Node environment: production
2026-03-24T13:12:29.387Z error: POST /api/v1/auth/login 500
2026-03-24T13:12:48.965Z info: Redis health check: pong=true status=ready
2026-03-24T13:13:04.276Z info: ✓ Sentry initialized for error tracking
2026-03-24T13:13:04.334Z info: Environment validation passed
2026-03-24T13:13:04.335Z info: Environment: production
2026-03-24T13:13:04.541Z info: Redis health check: pong=true status=ready
2026-03-24T13:13:06.183Z info: Database connection successful
2026-03-24T13:13:18.977Z info: Redis health check: pong=true status=ready
2026-03-24T13:13:23.840Z error: POST /api/v1/auth/login 500
2026-03-24T13:13:48.994Z info: Redis health check: pong=true status=ready
2026-03-24T13:14:11.429Z info: ✓ Sentry initialized for error tracking
2026-03-24T13:14:11.491Z info: Environment validation passed
2026-03-24T13:14:11.492Z info: Environment: production
2026-03-24T13:14:11.701Z info: Redis health check: pong=true status=ready
2026-03-24T13:14:13.370Z info: Database connection successful
2026-03-24T13:14:14.450Z error: POST /api/v1/auth/login 500
2026-03-24T13:14:18.995Z info: Redis health check: pong=true status=ready
2026-03-24T13:14:49.007Z info: Redis health check: pong=true status=ready
2026-03-24T13:14:59.557Z error: POST /api/v1/auth/login 500
2026-03-24T13:15:19.032Z info: Redis health check: pong=true status=ready
2026-03-24T13:15:26.840Z info: ✓ Sentry initialized for error tracking
2026-03-24T13:15:26.914Z info: Environment validation passed
2026-03-24T13:15:26.915Z info: Environment: production
2026-03-24T13:15:27.163Z info: Redis health check: pong=true status=ready
2026-03-24T13:15:28.636Z error: POST /api/v1/auth/login 500
2026-03-24T13:15:28.986Z info: Database connection successful
2026-03-24T13:15:45.457Z error: POST /api/v1/auth/login 500
2026-03-24T13:15:49.075Z info: Redis health check: pong=true status=ready
2026-03-24T13:15:58.678Z info: ✓ Sentry initialized for error tracking
2026-03-24T13:15:58.737Z info: Environment validation passed
2026-03-24T13:15:58.738Z info: Environment: production
2026-03-24T13:15:58.940Z info: Redis health check: pong=true status=ready
2026-03-24T13:16:00.562Z info: Database connection successful
2026-03-24T13:16:04.144Z error: POST /api/v1/auth/login 500
2026-03-24T13:16:18.725Z info: ✓ Sentry initialized for error tracking
2026-03-24T13:16:18.785Z info: Environment validation passed
2026-03-24T13:16:18.785Z info: Environment: production
2026-03-24T13:16:18.985Z info: Redis health check: pong=true status=ready
2026-03-24T13:16:19.037Z info: Redis health check: pong=true status=ready
2026-03-24T13:16:20.637Z info: Database connection successful
2026-03-24T13:16:45.928Z error: POST /api/v1/auth/login 500
2026-03-24T13:16:49.049Z info: Redis health check: pong=true status=ready
2026-03-24T13:16:50.012Z error: POST /api/v1/auth/register 500
2026-03-24T13:17:19.045Z info: Redis health check: pong=true status=ready
2026-03-24T13:17:49.064Z info: Redis health check: pong=true status=ready
2026-03-24T13:18:19.079Z info: Redis health check: pong=true status=ready
2026-03-24T13:18:30.690Z error: POST /api/v1/auth/login 500
2026-03-24T13:18:36.950Z info: Received SIGINT, gracefully shutting down...
2026-03-24T13:18:40.006Z info: ✓ Sentry initialized for error tracking
2026-03-24T13:18:40.124Z info: Environment validation passed
2026-03-24T13:18:40.125Z info: Environment: production
2026-03-24T13:18:40.490Z info: Redis health check: pong=true status=ready
2026-03-24T13:18:42.131Z info: Database connection successful
2026-03-24T13:18:42.133Z info: Redis ready for rate limiting
2026-03-24T13:18:42.139Z info: ✓ Server is running on http://localhost:5050
2026-03-24T13:18:42.140Z info: ✓ Node environment: production
2026-03-24T13:18:48.810Z info: ✓ Sentry initialized for error tracking
2026-03-24T13:18:48.891Z info: Environment validation passed
2026-03-24T13:18:48.892Z info: Environment: production
2026-03-24T13:18:49.091Z info: Redis health check: pong=true status=ready
2026-03-24T13:18:50.722Z info: Database connection successful
